<?xml version="1.0" encoding="UTF-8"?>
<testng-results ignored="0" total="92" passed="92" failed="0" skipped="0">
  <reporter-output>
  </reporter-output>
  <suite started-at="2024-01-25T13:44:03 WAT" name="Surefire suite" finished-at="2024-01-25T13:44:04 WAT" duration-ms="511">
    <groups>
    </groups>
    <test started-at="2024-01-25T13:44:03 WAT" name="Surefire test" finished-at="2024-01-25T13:44:04 WAT" duration-ms="511">
      <class name="dev.djob.id.AppTest">
        <test-method signature="shouldAnswerWithTrue()" started-at="2024-01-25T13:44:03 WAT" name="shouldAnswerWithTrue" finished-at="2024-01-25T13:44:03 WAT" duration-ms="5" status="PASS">
          <reporter-output>
          </reporter-output>
        </test-method> <!-- shouldAnswerWithTrue -->
      </class> <!-- dev.djob.id.AppTest -->
      <class name="dev.djob.id.QuadraticEquationSolverTest">
        <test-method signature="testSolveA_TresGrandNegatif_B_ProcheDeZeroNegatif_C_TresProcheDeZeroPositif_() throws java.lang.IllegalAccessException,java.lang.IllegalArgumentException,java.lang.reflect.InvocationTargetException,java.lang.NoSuchMethodException,java.lang.SecurityException,java.lang.InstantiationException,java.lang.ClassNotFoundException" started-at="2024-01-25T13:44:03 WAT" name="testSolveA_TresGrandNegatif_B_ProcheDeZeroNegatif_C_TresProcheDeZeroPositif_" finished-at="2024-01-25T13:44:03 WAT" duration-ms="16" status="PASS">
          <reporter-output>
          </reporter-output>
        </test-method> <!-- testSolveA_TresGrandNegatif_B_ProcheDeZeroNegatif_C_TresProcheDeZeroPositif_ -->
        <test-method signature="testSolveA_ProcheDeZeroPositif_B_TresGrandPositif_C_PositifNormal_() throws java.lang.IllegalAccessException,java.lang.IllegalArgumentException,java.lang.reflect.InvocationTargetException,java.lang.NoSuchMethodException,java.lang.SecurityException,java.lang.InstantiationException,java.lang.ClassNotFoundException" started-at="2024-01-25T13:44:03 WAT" name="testSolveA_ProcheDeZeroPositif_B_TresGrandPositif_C_PositifNormal_" finished-at="2024-01-25T13:44:03 WAT" duration-ms="17" status="PASS">
          <reporter-output>
          </reporter-output>
        </test-method> <!-- testSolveA_ProcheDeZeroPositif_B_TresGrandPositif_C_PositifNormal_ -->
        <test-method signature="testSolveA_TresGrandNegatif_B_TresProcheDeZeroPositif_C_TresProcheDeZeroNegatif_() throws java.lang.IllegalAccessException,java.lang.IllegalArgumentException,java.lang.reflect.InvocationTargetException,java.lang.NoSuchMethodException,java.lang.SecurityException,java.lang.InstantiationException,java.lang.ClassNotFoundException" started-at="2024-01-25T13:44:03 WAT" name="testSolveA_TresGrandNegatif_B_TresProcheDeZeroPositif_C_TresProcheDeZeroNegatif_" finished-at="2024-01-25T13:44:03 WAT" duration-ms="18" status="PASS">
          <reporter-output>
          </reporter-output>
        </test-method> <!-- testSolveA_TresGrandNegatif_B_TresProcheDeZeroPositif_C_TresProcheDeZeroNegatif_ -->
        <test-method signature="testSolveA_ProcheDeZeroNegatif_B_ProcheDeZeroPositif_C_TresProcheDeZeroNegatif_() throws java.lang.IllegalAccessException,java.lang.IllegalArgumentException,java.lang.reflect.InvocationTargetException,java.lang.NoSuchMethodException,java.lang.SecurityException,java.lang.InstantiationException,java.lang.ClassNotFoundException" started-at="2024-01-25T13:44:03 WAT" name="testSolveA_ProcheDeZeroNegatif_B_ProcheDeZeroPositif_C_TresProcheDeZeroNegatif_" finished-at="2024-01-25T13:44:03 WAT" duration-ms="17" status="PASS">
          <reporter-output>
          </reporter-output>
        </test-method> <!-- testSolveA_ProcheDeZeroNegatif_B_ProcheDeZeroPositif_C_TresProcheDeZeroNegatif_ -->
        <test-method signature="testSolveA_NegatifNormal_B_Zero_C_NegatifNormal_() throws java.lang.IllegalAccessException,java.lang.IllegalArgumentException,java.lang.reflect.InvocationTargetException,java.lang.NoSuchMethodException,java.lang.SecurityException,java.lang.InstantiationException,java.lang.ClassNotFoundException" started-at="2024-01-25T13:44:03 WAT" name="testSolveA_NegatifNormal_B_Zero_C_NegatifNormal_" finished-at="2024-01-25T13:44:03 WAT" duration-ms="22" status="PASS">
          <reporter-output>
          </reporter-output>
        </test-method> <!-- testSolveA_NegatifNormal_B_Zero_C_NegatifNormal_ -->
        <test-method signature="testSolveA_TresGrandNegatif_B_Zero_C_PositifNormal_() throws java.lang.IllegalAccessException,java.lang.IllegalArgumentException,java.lang.reflect.InvocationTargetException,java.lang.NoSuchMethodException,java.lang.SecurityException,java.lang.InstantiationException,java.lang.ClassNotFoundException" started-at="2024-01-25T13:44:03 WAT" name="testSolveA_TresGrandNegatif_B_Zero_C_PositifNormal_" finished-at="2024-01-25T13:44:03 WAT" duration-ms="23" status="PASS">
          <reporter-output>
          </reporter-output>
        </test-method> <!-- testSolveA_TresGrandNegatif_B_Zero_C_PositifNormal_ -->
        <test-method signature="testSolveA_TresGrandPositif_B_TresGrandNegatif_C_PositifNormal_() throws java.lang.IllegalAccessException,java.lang.IllegalArgumentException,java.lang.reflect.InvocationTargetException,java.lang.NoSuchMethodException,java.lang.SecurityException,java.lang.InstantiationException,java.lang.ClassNotFoundException" started-at="2024-01-25T13:44:03 WAT" name="testSolveA_TresGrandPositif_B_TresGrandNegatif_C_PositifNormal_" finished-at="2024-01-25T13:44:03 WAT" duration-ms="20" status="PASS">
          <reporter-output>
          </reporter-output>
        </test-method> <!-- testSolveA_TresGrandPositif_B_TresGrandNegatif_C_PositifNormal_ -->
        <test-method signature="testSolveA_NegatifNormal_B_TresGrandPositif_C_ProcheDeZeroPositif_() throws java.lang.IllegalAccessException,java.lang.IllegalArgumentException,java.lang.reflect.InvocationTargetException,java.lang.NoSuchMethodException,java.lang.SecurityException,java.lang.InstantiationException,java.lang.ClassNotFoundException" started-at="2024-01-25T13:44:03 WAT" name="testSolveA_NegatifNormal_B_TresGrandPositif_C_ProcheDeZeroPositif_" finished-at="2024-01-25T13:44:03 WAT" duration-ms="21" status="PASS">
          <reporter-output>
          </reporter-output>
        </test-method> <!-- testSolveA_NegatifNormal_B_TresGrandPositif_C_ProcheDeZeroPositif_ -->
        <test-method signature="testSolveA_TresProcheDeZeroNegatif_B_TresProcheDeZeroPositif_C_TresGrandPositif_() throws java.lang.IllegalAccessException,java.lang.IllegalArgumentException,java.lang.reflect.InvocationTargetException,java.lang.NoSuchMethodException,java.lang.SecurityException,java.lang.InstantiationException,java.lang.ClassNotFoundException" started-at="2024-01-25T13:44:03 WAT" name="testSolveA_TresProcheDeZeroNegatif_B_TresProcheDeZeroPositif_C_TresGrandPositif_" finished-at="2024-01-25T13:44:03 WAT" duration-ms="25" status="PASS">
          <reporter-output>
          </reporter-output>
        </test-method> <!-- testSolveA_TresProcheDeZeroNegatif_B_TresProcheDeZeroPositif_C_TresGrandPositif_ -->
        <test-method signature="testSolveA_PositifNormal_B_TresProcheDeZeroPositif_C_ProcheDeZeroPositif_() throws java.lang.IllegalAccessException,java.lang.IllegalArgumentException,java.lang.reflect.InvocationTargetException,java.lang.NoSuchMethodException,java.lang.SecurityException,java.lang.InstantiationException,java.lang.ClassNotFoundException" started-at="2024-01-25T13:44:03 WAT" name="testSolveA_PositifNormal_B_TresProcheDeZeroPositif_C_ProcheDeZeroPositif_" finished-at="2024-01-25T13:44:03 WAT" duration-ms="24" status="PASS">
          <reporter-output>
          </reporter-output>
        </test-method> <!-- testSolveA_PositifNormal_B_TresProcheDeZeroPositif_C_ProcheDeZeroPositif_ -->
        <test-method signature="testSolveA_ProcheDeZeroPositif_B_TresGrandNegatif_C_TresGrandNegatif_() throws java.lang.IllegalAccessException,java.lang.IllegalArgumentException,java.lang.reflect.InvocationTargetException,java.lang.NoSuchMethodException,java.lang.SecurityException,java.lang.InstantiationException,java.lang.ClassNotFoundException" started-at="2024-01-25T13:44:03 WAT" name="testSolveA_ProcheDeZeroPositif_B_TresGrandNegatif_C_TresGrandNegatif_" finished-at="2024-01-25T13:44:03 WAT" duration-ms="23" status="PASS">
          <reporter-output>
          </reporter-output>
        </test-method> <!-- testSolveA_ProcheDeZeroPositif_B_TresGrandNegatif_C_TresGrandNegatif_ -->
        <test-method signature="testSolveA_NegatifNormal_B_TresProcheDeZeroNegatif_C_PositifNormal_() throws java.lang.IllegalAccessException,java.lang.IllegalArgumentException,java.lang.reflect.InvocationTargetException,java.lang.NoSuchMethodException,java.lang.SecurityException,java.lang.InstantiationException,java.lang.ClassNotFoundException" started-at="2024-01-25T13:44:03 WAT" name="testSolveA_NegatifNormal_B_TresProcheDeZeroNegatif_C_PositifNormal_" finished-at="2024-01-25T13:44:03 WAT" duration-ms="27" status="PASS">
          <reporter-output>
          </reporter-output>
        </test-method> <!-- testSolveA_NegatifNormal_B_TresProcheDeZeroNegatif_C_PositifNormal_ -->
        <test-method signature="testSolveA_ProcheDeZeroPositif_B_ProcheDeZeroNegatif_C_ProcheDeZeroNegatif_() throws java.lang.IllegalAccessException,java.lang.IllegalArgumentException,java.lang.reflect.InvocationTargetException,java.lang.NoSuchMethodException,java.lang.SecurityException,java.lang.InstantiationException,java.lang.ClassNotFoundException" started-at="2024-01-25T13:44:03 WAT" name="testSolveA_ProcheDeZeroPositif_B_ProcheDeZeroNegatif_C_ProcheDeZeroNegatif_" finished-at="2024-01-25T13:44:03 WAT" duration-ms="26" status="PASS">
          <reporter-output>
          </reporter-output>
        </test-method> <!-- testSolveA_ProcheDeZeroPositif_B_ProcheDeZeroNegatif_C_ProcheDeZeroNegatif_ -->
        <test-method signature="testSolveA_NegatifNormal_B_Zero_C_TresGrandPositif_() throws java.lang.IllegalAccessException,java.lang.IllegalArgumentException,java.lang.reflect.InvocationTargetException,java.lang.NoSuchMethodException,java.lang.SecurityException,java.lang.InstantiationException,java.lang.ClassNotFoundException" started-at="2024-01-25T13:44:03 WAT" name="testSolveA_NegatifNormal_B_Zero_C_TresGrandPositif_" finished-at="2024-01-25T13:44:03 WAT" duration-ms="26" status="PASS">
          <reporter-output>
          </reporter-output>
        </test-method> <!-- testSolveA_NegatifNormal_B_Zero_C_TresGrandPositif_ -->
        <test-method signature="testSolveA_TresGrandNegatif_B_TresGrandPositif_C_Zero_() throws java.lang.IllegalAccessException,java.lang.IllegalArgumentException,java.lang.reflect.InvocationTargetException,java.lang.NoSuchMethodException,java.lang.SecurityException,java.lang.InstantiationException,java.lang.ClassNotFoundException" started-at="2024-01-25T13:44:03 WAT" name="testSolveA_TresGrandNegatif_B_TresGrandPositif_C_Zero_" finished-at="2024-01-25T13:44:03 WAT" duration-ms="30" status="PASS">
          <reporter-output>
          </reporter-output>
        </test-method> <!-- testSolveA_TresGrandNegatif_B_TresGrandPositif_C_Zero_ -->
        <test-method signature="testSolveA_TresProcheDeZeroPositif_B_TresProcheDeZeroNegatif_C_NegatifNormal_() throws java.lang.IllegalAccessException,java.lang.IllegalArgumentException,java.lang.reflect.InvocationTargetException,java.lang.NoSuchMethodException,java.lang.SecurityException,java.lang.InstantiationException,java.lang.ClassNotFoundException" started-at="2024-01-25T13:44:03 WAT" name="testSolveA_TresProcheDeZeroPositif_B_TresProcheDeZeroNegatif_C_NegatifNormal_" finished-at="2024-01-25T13:44:03 WAT" duration-ms="27" status="PASS">
          <reporter-output>
          </reporter-output>
        </test-method> <!-- testSolveA_TresProcheDeZeroPositif_B_TresProcheDeZeroNegatif_C_NegatifNormal_ -->
        <test-method signature="testSolveA_PositifNormal_B_ProcheDeZeroNegatif_C_NegatifNormal_() throws java.lang.IllegalAccessException,java.lang.IllegalArgumentException,java.lang.reflect.InvocationTargetException,java.lang.NoSuchMethodException,java.lang.SecurityException,java.lang.InstantiationException,java.lang.ClassNotFoundException" started-at="2024-01-25T13:44:03 WAT" name="testSolveA_PositifNormal_B_ProcheDeZeroNegatif_C_NegatifNormal_" finished-at="2024-01-25T13:44:03 WAT" duration-ms="29" status="PASS">
          <reporter-output>
          </reporter-output>
        </test-method> <!-- testSolveA_PositifNormal_B_ProcheDeZeroNegatif_C_NegatifNormal_ -->
        <test-method signature="testSolveA_TresProcheDeZeroPositif_B_TresGrandNegatif_C_TresProcheDeZeroNegatif_() throws java.lang.IllegalAccessException,java.lang.IllegalArgumentException,java.lang.reflect.InvocationTargetException,java.lang.NoSuchMethodException,java.lang.SecurityException,java.lang.InstantiationException,java.lang.ClassNotFoundException" started-at="2024-01-25T13:44:03 WAT" name="testSolveA_TresProcheDeZeroPositif_B_TresGrandNegatif_C_TresProcheDeZeroNegatif_" finished-at="2024-01-25T13:44:03 WAT" duration-ms="31" status="PASS">
          <reporter-output>
          </reporter-output>
        </test-method> <!-- testSolveA_TresProcheDeZeroPositif_B_TresGrandNegatif_C_TresProcheDeZeroNegatif_ -->
        <test-method signature="testSolveA_TresGrandPositif_B_NegatifNormal_C_TresGrandPositif_() throws java.lang.IllegalAccessException,java.lang.IllegalArgumentException,java.lang.reflect.InvocationTargetException,java.lang.NoSuchMethodException,java.lang.SecurityException,java.lang.InstantiationException,java.lang.ClassNotFoundException" started-at="2024-01-25T13:44:03 WAT" name="testSolveA_TresGrandPositif_B_NegatifNormal_C_TresGrandPositif_" finished-at="2024-01-25T13:44:03 WAT" duration-ms="34" status="PASS">
          <reporter-output>
          </reporter-output>
        </test-method> <!-- testSolveA_TresGrandPositif_B_NegatifNormal_C_TresGrandPositif_ -->
        <test-method signature="testSolveA_TresGrandPositif_B_TresProcheDeZeroNegatif_C_ProcheDeZeroPositif_() throws java.lang.IllegalAccessException,java.lang.IllegalArgumentException,java.lang.reflect.InvocationTargetException,java.lang.NoSuchMethodException,java.lang.SecurityException,java.lang.InstantiationException,java.lang.ClassNotFoundException" started-at="2024-01-25T13:44:03 WAT" name="testSolveA_TresGrandPositif_B_TresProcheDeZeroNegatif_C_ProcheDeZeroPositif_" finished-at="2024-01-25T13:44:03 WAT" duration-ms="36" status="PASS">
          <reporter-output>
          </reporter-output>
        </test-method> <!-- testSolveA_TresGrandPositif_B_TresProcheDeZeroNegatif_C_ProcheDeZeroPositif_ -->
        <test-method signature="testSolveA_TresGrandPositif_B_ProcheDeZeroPositif_C_ProcheDeZeroPositif_() throws java.lang.IllegalAccessException,java.lang.IllegalArgumentException,java.lang.reflect.InvocationTargetException,java.lang.NoSuchMethodException,java.lang.SecurityException,java.lang.InstantiationException,java.lang.ClassNotFoundException" started-at="2024-01-25T13:44:03 WAT" name="testSolveA_TresGrandPositif_B_ProcheDeZeroPositif_C_ProcheDeZeroPositif_" finished-at="2024-01-25T13:44:03 WAT" duration-ms="33" status="PASS">
          <reporter-output>
          </reporter-output>
        </test-method> <!-- testSolveA_TresGrandPositif_B_ProcheDeZeroPositif_C_ProcheDeZeroPositif_ -->
        <test-method signature="testSolveA_Zero_B_TresProcheDeZeroPositif_C_PositifNormal_() throws java.lang.IllegalAccessException,java.lang.IllegalArgumentException,java.lang.reflect.InvocationTargetException,java.lang.NoSuchMethodException,java.lang.SecurityException,java.lang.InstantiationException,java.lang.ClassNotFoundException" started-at="2024-01-25T13:44:03 WAT" name="testSolveA_Zero_B_TresProcheDeZeroPositif_C_PositifNormal_" finished-at="2024-01-25T13:44:03 WAT" duration-ms="35" status="PASS">
          <reporter-output>
          </reporter-output>
        </test-method> <!-- testSolveA_Zero_B_TresProcheDeZeroPositif_C_PositifNormal_ -->
        <test-method signature="testSolveA_ProcheDeZeroNegatif_B_ProcheDeZeroNegatif_C_PositifNormal_() throws java.lang.IllegalAccessException,java.lang.IllegalArgumentException,java.lang.reflect.InvocationTargetException,java.lang.NoSuchMethodException,java.lang.SecurityException,java.lang.InstantiationException,java.lang.ClassNotFoundException" started-at="2024-01-25T13:44:03 WAT" name="testSolveA_ProcheDeZeroNegatif_B_ProcheDeZeroNegatif_C_PositifNormal_" finished-at="2024-01-25T13:44:03 WAT" duration-ms="32" status="PASS">
          <reporter-output>
          </reporter-output>
        </test-method> <!-- testSolveA_ProcheDeZeroNegatif_B_ProcheDeZeroNegatif_C_PositifNormal_ -->
        <test-method signature="testSolveA_TresProcheDeZeroNegatif_B_ProcheDeZeroPositif_C_TresProcheDeZeroNegatif_() throws java.lang.IllegalAccessException,java.lang.IllegalArgumentException,java.lang.reflect.InvocationTargetException,java.lang.NoSuchMethodException,java.lang.SecurityException,java.lang.InstantiationException,java.lang.ClassNotFoundException" started-at="2024-01-25T13:44:03 WAT" name="testSolveA_TresProcheDeZeroNegatif_B_ProcheDeZeroPositif_C_TresProcheDeZeroNegatif_" finished-at="2024-01-25T13:44:03 WAT" duration-ms="31" status="PASS">
          <reporter-output>
          </reporter-output>
        </test-method> <!-- testSolveA_TresProcheDeZeroNegatif_B_ProcheDeZeroPositif_C_TresProcheDeZeroNegatif_ -->
        <test-method signature="testSolveA_NegatifNormal_B_ProcheDeZeroNegatif_C_TresProcheDeZeroPositif_() throws java.lang.IllegalAccessException,java.lang.IllegalArgumentException,java.lang.reflect.InvocationTargetException,java.lang.NoSuchMethodException,java.lang.SecurityException,java.lang.InstantiationException,java.lang.ClassNotFoundException" started-at="2024-01-25T13:44:03 WAT" name="testSolveA_NegatifNormal_B_ProcheDeZeroNegatif_C_TresProcheDeZeroPositif_" finished-at="2024-01-25T13:44:03 WAT" duration-ms="38" status="PASS">
          <reporter-output>
          </reporter-output>
        </test-method> <!-- testSolveA_NegatifNormal_B_ProcheDeZeroNegatif_C_TresProcheDeZeroPositif_ -->
        <test-method signature="testSolveA_Zero_B_TresGrandPositif_C_TresGrandPositif_() throws java.lang.IllegalAccessException,java.lang.IllegalArgumentException,java.lang.reflect.InvocationTargetException,java.lang.NoSuchMethodException,java.lang.SecurityException,java.lang.InstantiationException,java.lang.ClassNotFoundException" started-at="2024-01-25T13:44:03 WAT" name="testSolveA_Zero_B_TresGrandPositif_C_TresGrandPositif_" finished-at="2024-01-25T13:44:04 WAT" duration-ms="41" status="PASS">
          <reporter-output>
          </reporter-output>
        </test-method> <!-- testSolveA_Zero_B_TresGrandPositif_C_TresGrandPositif_ -->
        <test-method signature="testSolveA_ProcheDeZeroNegatif_B_TresProcheDeZeroPositif_C_ProcheDeZeroNegatif_() throws java.lang.IllegalAccessException,java.lang.IllegalArgumentException,java.lang.reflect.InvocationTargetException,java.lang.NoSuchMethodException,java.lang.SecurityException,java.lang.InstantiationException,java.lang.ClassNotFoundException" started-at="2024-01-25T13:44:03 WAT" name="testSolveA_ProcheDeZeroNegatif_B_TresProcheDeZeroPositif_C_ProcheDeZeroNegatif_" finished-at="2024-01-25T13:44:03 WAT" duration-ms="37" status="PASS">
          <reporter-output>
          </reporter-output>
        </test-method> <!-- testSolveA_ProcheDeZeroNegatif_B_TresProcheDeZeroPositif_C_ProcheDeZeroNegatif_ -->
        <test-method signature="testSolveA_ProcheDeZeroNegatif_B_TresGrandNegatif_C_TresGrandPositif_() throws java.lang.IllegalAccessException,java.lang.IllegalArgumentException,java.lang.reflect.InvocationTargetException,java.lang.NoSuchMethodException,java.lang.SecurityException,java.lang.InstantiationException,java.lang.ClassNotFoundException" started-at="2024-01-25T13:44:03 WAT" name="testSolveA_ProcheDeZeroNegatif_B_TresGrandNegatif_C_TresGrandPositif_" finished-at="2024-01-25T13:44:04 WAT" duration-ms="42" status="PASS">
          <reporter-output>
          </reporter-output>
        </test-method> <!-- testSolveA_ProcheDeZeroNegatif_B_TresGrandNegatif_C_TresGrandPositif_ -->
        <test-method signature="testSolveA_TresGrandPositif_B_ProcheDeZeroNegatif_C_Zero_() throws java.lang.IllegalAccessException,java.lang.IllegalArgumentException,java.lang.reflect.InvocationTargetException,java.lang.NoSuchMethodException,java.lang.SecurityException,java.lang.InstantiationException,java.lang.ClassNotFoundException" started-at="2024-01-25T13:44:03 WAT" name="testSolveA_TresGrandPositif_B_ProcheDeZeroNegatif_C_Zero_" finished-at="2024-01-25T13:44:03 WAT" duration-ms="36" status="PASS">
          <reporter-output>
          </reporter-output>
        </test-method> <!-- testSolveA_TresGrandPositif_B_ProcheDeZeroNegatif_C_Zero_ -->
        <test-method signature="testSolveA_ProcheDeZeroPositif_B_NegatifNormal_C_ProcheDeZeroPositif_() throws java.lang.IllegalAccessException,java.lang.IllegalArgumentException,java.lang.reflect.InvocationTargetException,java.lang.NoSuchMethodException,java.lang.SecurityException,java.lang.InstantiationException,java.lang.ClassNotFoundException" started-at="2024-01-25T13:44:03 WAT" name="testSolveA_ProcheDeZeroPositif_B_NegatifNormal_C_ProcheDeZeroPositif_" finished-at="2024-01-25T13:44:03 WAT" duration-ms="39" status="PASS">
          <reporter-output>
          </reporter-output>
        </test-method> <!-- testSolveA_ProcheDeZeroPositif_B_NegatifNormal_C_ProcheDeZeroPositif_ -->
        <test-method signature="testSolveA_Zero_B_NegatifNormal_C_NegatifNormal_() throws java.lang.IllegalAccessException,java.lang.IllegalArgumentException,java.lang.reflect.InvocationTargetException,java.lang.NoSuchMethodException,java.lang.SecurityException,java.lang.InstantiationException,java.lang.ClassNotFoundException" started-at="2024-01-25T13:44:03 WAT" name="testSolveA_Zero_B_NegatifNormal_C_NegatifNormal_" finished-at="2024-01-25T13:44:04 WAT" duration-ms="42" status="PASS">
          <reporter-output>
          </reporter-output>
        </test-method> <!-- testSolveA_Zero_B_NegatifNormal_C_NegatifNormal_ -->
        <test-method signature="testSolveA_TresGrandNegatif_B_TresGrandNegatif_C_ProcheDeZeroPositif_() throws java.lang.IllegalAccessException,java.lang.IllegalArgumentException,java.lang.reflect.InvocationTargetException,java.lang.NoSuchMethodException,java.lang.SecurityException,java.lang.InstantiationException,java.lang.ClassNotFoundException" started-at="2024-01-25T13:44:03 WAT" name="testSolveA_TresGrandNegatif_B_TresGrandNegatif_C_ProcheDeZeroPositif_" finished-at="2024-01-25T13:44:04 WAT" duration-ms="45" status="PASS">
          <reporter-output>
          </reporter-output>
        </test-method> <!-- testSolveA_TresGrandNegatif_B_TresGrandNegatif_C_ProcheDeZeroPositif_ -->
        <test-method signature="testSolveA_TresProcheDeZeroNegatif_B_ProcheDeZeroPositif_C_PositifNormal_() throws java.lang.IllegalAccessException,java.lang.IllegalArgumentException,java.lang.reflect.InvocationTargetException,java.lang.NoSuchMethodException,java.lang.SecurityException,java.lang.InstantiationException,java.lang.ClassNotFoundException" started-at="2024-01-25T13:44:03 WAT" name="testSolveA_TresProcheDeZeroNegatif_B_ProcheDeZeroPositif_C_PositifNormal_" finished-at="2024-01-25T13:44:04 WAT" duration-ms="49" status="PASS">
          <reporter-output>
          </reporter-output>
        </test-method> <!-- testSolveA_TresProcheDeZeroNegatif_B_ProcheDeZeroPositif_C_PositifNormal_ -->
        <test-method signature="testSolveA_PositifNormal_B_TresGrandNegatif_C_TresProcheDeZeroNegatif_() throws java.lang.IllegalAccessException,java.lang.IllegalArgumentException,java.lang.reflect.InvocationTargetException,java.lang.NoSuchMethodException,java.lang.SecurityException,java.lang.InstantiationException,java.lang.ClassNotFoundException" started-at="2024-01-25T13:44:03 WAT" name="testSolveA_PositifNormal_B_TresGrandNegatif_C_TresProcheDeZeroNegatif_" finished-at="2024-01-25T13:44:04 WAT" duration-ms="43" status="PASS">
          <reporter-output>
          </reporter-output>
        </test-method> <!-- testSolveA_PositifNormal_B_TresGrandNegatif_C_TresProcheDeZeroNegatif_ -->
        <test-method signature="testSolveA_Zero_B_TresGrandNegatif_C_TresProcheDeZeroPositif_() throws java.lang.IllegalAccessException,java.lang.IllegalArgumentException,java.lang.reflect.InvocationTargetException,java.lang.NoSuchMethodException,java.lang.SecurityException,java.lang.InstantiationException,java.lang.ClassNotFoundException" started-at="2024-01-25T13:44:03 WAT" name="testSolveA_Zero_B_TresGrandNegatif_C_TresProcheDeZeroPositif_" finished-at="2024-01-25T13:44:04 WAT" duration-ms="52" status="PASS">
          <reporter-output>
          </reporter-output>
        </test-method> <!-- testSolveA_Zero_B_TresGrandNegatif_C_TresProcheDeZeroPositif_ -->
        <test-method signature="testSolveA_NegatifNormal_B_NegatifNormal_C_TresProcheDeZeroNegatif_() throws java.lang.IllegalAccessException,java.lang.IllegalArgumentException,java.lang.reflect.InvocationTargetException,java.lang.NoSuchMethodException,java.lang.SecurityException,java.lang.InstantiationException,java.lang.ClassNotFoundException" started-at="2024-01-25T13:44:03 WAT" name="testSolveA_NegatifNormal_B_NegatifNormal_C_TresProcheDeZeroNegatif_" finished-at="2024-01-25T13:44:04 WAT" duration-ms="50" status="PASS">
          <reporter-output>
          </reporter-output>
        </test-method> <!-- testSolveA_NegatifNormal_B_NegatifNormal_C_TresProcheDeZeroNegatif_ -->
        <test-method signature="testSolveA_ProcheDeZeroPositif_B_TresProcheDeZeroNegatif_C_TresProcheDeZeroNegatif_() throws java.lang.IllegalAccessException,java.lang.IllegalArgumentException,java.lang.reflect.InvocationTargetException,java.lang.NoSuchMethodException,java.lang.SecurityException,java.lang.InstantiationException,java.lang.ClassNotFoundException" started-at="2024-01-25T13:44:03 WAT" name="testSolveA_ProcheDeZeroPositif_B_TresProcheDeZeroNegatif_C_TresProcheDeZeroNegatif_" finished-at="2024-01-25T13:44:04 WAT" duration-ms="47" status="PASS">
          <reporter-output>
          </reporter-output>
        </test-method> <!-- testSolveA_ProcheDeZeroPositif_B_TresProcheDeZeroNegatif_C_TresProcheDeZeroNegatif_ -->
        <test-method signature="testSolveA_ProcheDeZeroPositif_B_ProcheDeZeroPositif_C_NegatifNormal_() throws java.lang.IllegalAccessException,java.lang.IllegalArgumentException,java.lang.reflect.InvocationTargetException,java.lang.NoSuchMethodException,java.lang.SecurityException,java.lang.InstantiationException,java.lang.ClassNotFoundException" started-at="2024-01-25T13:44:03 WAT" name="testSolveA_ProcheDeZeroPositif_B_ProcheDeZeroPositif_C_NegatifNormal_" finished-at="2024-01-25T13:44:04 WAT" duration-ms="56" status="PASS">
          <reporter-output>
          </reporter-output>
        </test-method> <!-- testSolveA_ProcheDeZeroPositif_B_ProcheDeZeroPositif_C_NegatifNormal_ -->
        <test-method signature="testSolveA_PositifNormal_B_TresProcheDeZeroNegatif_C_TresProcheDeZeroPositif_() throws java.lang.IllegalAccessException,java.lang.IllegalArgumentException,java.lang.reflect.InvocationTargetException,java.lang.NoSuchMethodException,java.lang.SecurityException,java.lang.InstantiationException,java.lang.ClassNotFoundException" started-at="2024-01-25T13:44:03 WAT" name="testSolveA_PositifNormal_B_TresProcheDeZeroNegatif_C_TresProcheDeZeroPositif_" finished-at="2024-01-25T13:44:04 WAT" duration-ms="55" status="PASS">
          <reporter-output>
          </reporter-output>
        </test-method> <!-- testSolveA_PositifNormal_B_TresProcheDeZeroNegatif_C_TresProcheDeZeroPositif_ -->
        <test-method signature="testSolveA_TresProcheDeZeroNegatif_B_TresProcheDeZeroNegatif_C_TresGrandPositif_() throws java.lang.IllegalAccessException,java.lang.IllegalArgumentException,java.lang.reflect.InvocationTargetException,java.lang.NoSuchMethodException,java.lang.SecurityException,java.lang.InstantiationException,java.lang.ClassNotFoundException" started-at="2024-01-25T13:44:03 WAT" name="testSolveA_TresProcheDeZeroNegatif_B_TresProcheDeZeroNegatif_C_TresGrandPositif_" finished-at="2024-01-25T13:44:04 WAT" duration-ms="62" status="PASS">
          <reporter-output>
          </reporter-output>
        </test-method> <!-- testSolveA_TresProcheDeZeroNegatif_B_TresProcheDeZeroNegatif_C_TresGrandPositif_ -->
        <test-method signature="testSolveA_TresGrandPositif_B_TresProcheDeZeroPositif_C_TresProcheDeZeroPositif_() throws java.lang.IllegalAccessException,java.lang.IllegalArgumentException,java.lang.reflect.InvocationTargetException,java.lang.NoSuchMethodException,java.lang.SecurityException,java.lang.InstantiationException,java.lang.ClassNotFoundException" started-at="2024-01-25T13:44:03 WAT" name="testSolveA_TresGrandPositif_B_TresProcheDeZeroPositif_C_TresProcheDeZeroPositif_" finished-at="2024-01-25T13:44:04 WAT" duration-ms="59" status="PASS">
          <reporter-output>
          </reporter-output>
        </test-method> <!-- testSolveA_TresGrandPositif_B_TresProcheDeZeroPositif_C_TresProcheDeZeroPositif_ -->
        <test-method signature="testSolveA_TresGrandPositif_B_TresGrandPositif_C_NegatifNormal_() throws java.lang.IllegalAccessException,java.lang.IllegalArgumentException,java.lang.reflect.InvocationTargetException,java.lang.NoSuchMethodException,java.lang.SecurityException,java.lang.InstantiationException,java.lang.ClassNotFoundException" started-at="2024-01-25T13:44:03 WAT" name="testSolveA_TresGrandPositif_B_TresGrandPositif_C_NegatifNormal_" finished-at="2024-01-25T13:44:04 WAT" duration-ms="64" status="PASS">
          <reporter-output>
          </reporter-output>
        </test-method> <!-- testSolveA_TresGrandPositif_B_TresGrandPositif_C_NegatifNormal_ -->
        <test-method signature="testSolveA_ProcheDeZeroPositif_B_TresProcheDeZeroPositif_C_Zero_() throws java.lang.IllegalAccessException,java.lang.IllegalArgumentException,java.lang.reflect.InvocationTargetException,java.lang.NoSuchMethodException,java.lang.SecurityException,java.lang.InstantiationException,java.lang.ClassNotFoundException" started-at="2024-01-25T13:44:03 WAT" name="testSolveA_ProcheDeZeroPositif_B_TresProcheDeZeroPositif_C_Zero_" finished-at="2024-01-25T13:44:04 WAT" duration-ms="52" status="PASS">
          <reporter-output>
          </reporter-output>
        </test-method> <!-- testSolveA_ProcheDeZeroPositif_B_TresProcheDeZeroPositif_C_Zero_ -->
        <test-method signature="testSolveA_TresProcheDeZeroPositif_B_ProcheDeZeroNegatif_C_TresGrandPositif_() throws java.lang.IllegalAccessException,java.lang.IllegalArgumentException,java.lang.reflect.InvocationTargetException,java.lang.NoSuchMethodException,java.lang.SecurityException,java.lang.InstantiationException,java.lang.ClassNotFoundException" started-at="2024-01-25T13:44:03 WAT" name="testSolveA_TresProcheDeZeroPositif_B_ProcheDeZeroNegatif_C_TresGrandPositif_" finished-at="2024-01-25T13:44:04 WAT" duration-ms="57" status="PASS">
          <reporter-output>
          </reporter-output>
        </test-method> <!-- testSolveA_TresProcheDeZeroPositif_B_ProcheDeZeroNegatif_C_TresGrandPositif_ -->
        <test-method signature="testSolveA_ProcheDeZeroNegatif_B_NegatifNormal_C_TresProcheDeZeroPositif_() throws java.lang.IllegalAccessException,java.lang.IllegalArgumentException,java.lang.reflect.InvocationTargetException,java.lang.NoSuchMethodException,java.lang.SecurityException,java.lang.InstantiationException,java.lang.ClassNotFoundException" started-at="2024-01-25T13:44:03 WAT" name="testSolveA_ProcheDeZeroNegatif_B_NegatifNormal_C_TresProcheDeZeroPositif_" finished-at="2024-01-25T13:44:04 WAT" duration-ms="61" status="PASS">
          <reporter-output>
          </reporter-output>
        </test-method> <!-- testSolveA_ProcheDeZeroNegatif_B_NegatifNormal_C_TresProcheDeZeroPositif_ -->
        <test-method signature="testSolveA_TresProcheDeZeroNegatif_B_TresGrandNegatif_C_NegatifNormal_() throws java.lang.IllegalAccessException,java.lang.IllegalArgumentException,java.lang.reflect.InvocationTargetException,java.lang.NoSuchMethodException,java.lang.SecurityException,java.lang.InstantiationException,java.lang.ClassNotFoundException" started-at="2024-01-25T13:44:03 WAT" name="testSolveA_TresProcheDeZeroNegatif_B_TresGrandNegatif_C_NegatifNormal_" finished-at="2024-01-25T13:44:04 WAT" duration-ms="66" status="PASS">
          <reporter-output>
          </reporter-output>
        </test-method> <!-- testSolveA_TresProcheDeZeroNegatif_B_TresGrandNegatif_C_NegatifNormal_ -->
        <test-method signature="testSolveA_TresProcheDeZeroNegatif_B_Zero_C_ProcheDeZeroNegatif_() throws java.lang.IllegalAccessException,java.lang.IllegalArgumentException,java.lang.reflect.InvocationTargetException,java.lang.NoSuchMethodException,java.lang.SecurityException,java.lang.InstantiationException,java.lang.ClassNotFoundException" started-at="2024-01-25T13:44:03 WAT" name="testSolveA_TresProcheDeZeroNegatif_B_Zero_C_ProcheDeZeroNegatif_" finished-at="2024-01-25T13:44:04 WAT" duration-ms="60" status="PASS">
          <reporter-output>
          </reporter-output>
        </test-method> <!-- testSolveA_TresProcheDeZeroNegatif_B_Zero_C_ProcheDeZeroNegatif_ -->
        <test-method signature="testSolveA_TresGrandNegatif_B_PositifNormal_C_NegatifNormal_() throws java.lang.IllegalAccessException,java.lang.IllegalArgumentException,java.lang.reflect.InvocationTargetException,java.lang.NoSuchMethodException,java.lang.SecurityException,java.lang.InstantiationException,java.lang.ClassNotFoundException" started-at="2024-01-25T13:44:03 WAT" name="testSolveA_TresGrandNegatif_B_PositifNormal_C_NegatifNormal_" finished-at="2024-01-25T13:44:04 WAT" duration-ms="58" status="PASS">
          <reporter-output>
          </reporter-output>
        </test-method> <!-- testSolveA_TresGrandNegatif_B_PositifNormal_C_NegatifNormal_ -->
        <test-method signature="testSolveA_TresProcheDeZeroPositif_B_ProcheDeZeroPositif_C_TresProcheDeZeroPositif_() throws java.lang.IllegalAccessException,java.lang.IllegalArgumentException,java.lang.reflect.InvocationTargetException,java.lang.NoSuchMethodException,java.lang.SecurityException,java.lang.InstantiationException,java.lang.ClassNotFoundException" started-at="2024-01-25T13:44:03 WAT" name="testSolveA_TresProcheDeZeroPositif_B_ProcheDeZeroPositif_C_TresProcheDeZeroPositif_" finished-at="2024-01-25T13:44:04 WAT" duration-ms="53" status="PASS">
          <reporter-output>
          </reporter-output>
        </test-method> <!-- testSolveA_TresProcheDeZeroPositif_B_ProcheDeZeroPositif_C_TresProcheDeZeroPositif_ -->
        <test-method signature="testSolveA_PositifNormal_B_NegatifNormal_C_ProcheDeZeroNegatif_() throws java.lang.IllegalAccessException,java.lang.IllegalArgumentException,java.lang.reflect.InvocationTargetException,java.lang.NoSuchMethodException,java.lang.SecurityException,java.lang.InstantiationException,java.lang.ClassNotFoundException" started-at="2024-01-25T13:44:03 WAT" name="testSolveA_PositifNormal_B_NegatifNormal_C_ProcheDeZeroNegatif_" finished-at="2024-01-25T13:44:04 WAT" duration-ms="69" status="PASS">
          <reporter-output>
          </reporter-output>
        </test-method> <!-- testSolveA_PositifNormal_B_NegatifNormal_C_ProcheDeZeroNegatif_ -->
        <test-method signature="testSolveA_ProcheDeZeroPositif_B_Zero_C_TresProcheDeZeroPositif_() throws java.lang.IllegalAccessException,java.lang.IllegalArgumentException,java.lang.reflect.InvocationTargetException,java.lang.NoSuchMethodException,java.lang.SecurityException,java.lang.InstantiationException,java.lang.ClassNotFoundException" started-at="2024-01-25T13:44:03 WAT" name="testSolveA_ProcheDeZeroPositif_B_Zero_C_TresProcheDeZeroPositif_" finished-at="2024-01-25T13:44:04 WAT" duration-ms="71" status="PASS">
          <reporter-output>
          </reporter-output>
        </test-method> <!-- testSolveA_ProcheDeZeroPositif_B_Zero_C_TresProcheDeZeroPositif_ -->
        <test-method signature="testSolveA_ProcheDeZeroPositif_B_TresGrandPositif_C_ProcheDeZeroNegatif_() throws java.lang.IllegalAccessException,java.lang.IllegalArgumentException,java.lang.reflect.InvocationTargetException,java.lang.NoSuchMethodException,java.lang.SecurityException,java.lang.InstantiationException,java.lang.ClassNotFoundException" started-at="2024-01-25T13:44:03 WAT" name="testSolveA_ProcheDeZeroPositif_B_TresGrandPositif_C_ProcheDeZeroNegatif_" finished-at="2024-01-25T13:44:04 WAT" duration-ms="73" status="PASS">
          <reporter-output>
          </reporter-output>
        </test-method> <!-- testSolveA_ProcheDeZeroPositif_B_TresGrandPositif_C_ProcheDeZeroNegatif_ -->
        <test-method signature="testSolveA_TresProcheDeZeroPositif_B_PositifNormal_C_ProcheDeZeroPositif_() throws java.lang.IllegalAccessException,java.lang.IllegalArgumentException,java.lang.reflect.InvocationTargetException,java.lang.NoSuchMethodException,java.lang.SecurityException,java.lang.InstantiationException,java.lang.ClassNotFoundException" started-at="2024-01-25T13:44:03 WAT" name="testSolveA_TresProcheDeZeroPositif_B_PositifNormal_C_ProcheDeZeroPositif_" finished-at="2024-01-25T13:44:04 WAT" duration-ms="67" status="PASS">
          <reporter-output>
          </reporter-output>
        </test-method> <!-- testSolveA_TresProcheDeZeroPositif_B_PositifNormal_C_ProcheDeZeroPositif_ -->
        <test-method signature="testSolveA_TresGrandNegatif_B_ProcheDeZeroPositif_C_TresGrandPositif_() throws java.lang.IllegalAccessException,java.lang.IllegalArgumentException,java.lang.reflect.InvocationTargetException,java.lang.NoSuchMethodException,java.lang.SecurityException,java.lang.InstantiationException,java.lang.ClassNotFoundException" started-at="2024-01-25T13:44:03 WAT" name="testSolveA_TresGrandNegatif_B_ProcheDeZeroPositif_C_TresGrandPositif_" finished-at="2024-01-25T13:44:04 WAT" duration-ms="76" status="PASS">
          <reporter-output>
          </reporter-output>
        </test-method> <!-- testSolveA_TresGrandNegatif_B_ProcheDeZeroPositif_C_TresGrandPositif_ -->
        <test-method signature="testSolveA_PositifNormal_B_Zero_C_PositifNormal_() throws java.lang.IllegalAccessException,java.lang.IllegalArgumentException,java.lang.reflect.InvocationTargetException,java.lang.NoSuchMethodException,java.lang.SecurityException,java.lang.InstantiationException,java.lang.ClassNotFoundException" started-at="2024-01-25T13:44:03 WAT" name="testSolveA_PositifNormal_B_Zero_C_PositifNormal_" finished-at="2024-01-25T13:44:04 WAT" duration-ms="70" status="PASS">
          <reporter-output>
          </reporter-output>
        </test-method> <!-- testSolveA_PositifNormal_B_Zero_C_PositifNormal_ -->
        <test-method signature="testSolveA_TresProcheDeZeroPositif_B_TresProcheDeZeroPositif_C_ProcheDeZeroNegatif_() throws java.lang.IllegalAccessException,java.lang.IllegalArgumentException,java.lang.reflect.InvocationTargetException,java.lang.NoSuchMethodException,java.lang.SecurityException,java.lang.InstantiationException,java.lang.ClassNotFoundException" started-at="2024-01-25T13:44:03 WAT" name="testSolveA_TresProcheDeZeroPositif_B_TresProcheDeZeroPositif_C_ProcheDeZeroNegatif_" finished-at="2024-01-25T13:44:04 WAT" duration-ms="74" status="PASS">
          <reporter-output>
          </reporter-output>
        </test-method> <!-- testSolveA_TresProcheDeZeroPositif_B_TresProcheDeZeroPositif_C_ProcheDeZeroNegatif_ -->
        <test-method signature="testSolveA_NegatifNormal_B_TresProcheDeZeroPositif_C_NegatifNormal_() throws java.lang.IllegalAccessException,java.lang.IllegalArgumentException,java.lang.reflect.InvocationTargetException,java.lang.NoSuchMethodException,java.lang.SecurityException,java.lang.InstantiationException,java.lang.ClassNotFoundException" started-at="2024-01-25T13:44:03 WAT" name="testSolveA_NegatifNormal_B_TresProcheDeZeroPositif_C_NegatifNormal_" finished-at="2024-01-25T13:44:04 WAT" duration-ms="72" status="PASS">
          <reporter-output>
          </reporter-output>
        </test-method> <!-- testSolveA_NegatifNormal_B_TresProcheDeZeroPositif_C_NegatifNormal_ -->
        <test-method signature="testSolveA_Zero_B_PositifNormal_C_TresProcheDeZeroNegatif_() throws java.lang.IllegalAccessException,java.lang.IllegalArgumentException,java.lang.reflect.InvocationTargetException,java.lang.NoSuchMethodException,java.lang.SecurityException,java.lang.InstantiationException,java.lang.ClassNotFoundException" started-at="2024-01-25T13:44:03 WAT" name="testSolveA_Zero_B_PositifNormal_C_TresProcheDeZeroNegatif_" finished-at="2024-01-25T13:44:04 WAT" duration-ms="69" status="PASS">
          <reporter-output>
          </reporter-output>
        </test-method> <!-- testSolveA_Zero_B_PositifNormal_C_TresProcheDeZeroNegatif_ -->
        <test-method signature="testSolveA_TresGrandPositif_B_PositifNormal_C_TresGrandNegatif_() throws java.lang.IllegalAccessException,java.lang.IllegalArgumentException,java.lang.reflect.InvocationTargetException,java.lang.NoSuchMethodException,java.lang.SecurityException,java.lang.InstantiationException,java.lang.ClassNotFoundException" started-at="2024-01-25T13:44:03 WAT" name="testSolveA_TresGrandPositif_B_PositifNormal_C_TresGrandNegatif_" finished-at="2024-01-25T13:44:04 WAT" duration-ms="66" status="PASS">
          <reporter-output>
          </reporter-output>
        </test-method> <!-- testSolveA_TresGrandPositif_B_PositifNormal_C_TresGrandNegatif_ -->
        <test-method signature="testSolveA_PositifNormal_B_NegatifNormal_C_PositifNormal_() throws java.lang.IllegalAccessException,java.lang.IllegalArgumentException,java.lang.reflect.InvocationTargetException,java.lang.NoSuchMethodException,java.lang.SecurityException,java.lang.InstantiationException,java.lang.ClassNotFoundException" started-at="2024-01-25T13:44:03 WAT" name="testSolveA_PositifNormal_B_NegatifNormal_C_PositifNormal_" finished-at="2024-01-25T13:44:04 WAT" duration-ms="74" status="PASS">
          <reporter-output>
          </reporter-output>
        </test-method> <!-- testSolveA_PositifNormal_B_NegatifNormal_C_PositifNormal_ -->
        <test-method signature="testSolveA_ProcheDeZeroNegatif_B_PositifNormal_C_NegatifNormal_() throws java.lang.IllegalAccessException,java.lang.IllegalArgumentException,java.lang.reflect.InvocationTargetException,java.lang.NoSuchMethodException,java.lang.SecurityException,java.lang.InstantiationException,java.lang.ClassNotFoundException" started-at="2024-01-25T13:44:03 WAT" name="testSolveA_ProcheDeZeroNegatif_B_PositifNormal_C_NegatifNormal_" finished-at="2024-01-25T13:44:04 WAT" duration-ms="68" status="PASS">
          <reporter-output>
          </reporter-output>
        </test-method> <!-- testSolveA_ProcheDeZeroNegatif_B_PositifNormal_C_NegatifNormal_ -->
        <test-method signature="testSolveA_TresProcheDeZeroPositif_B_TresGrandPositif_C_TresProcheDeZeroNegatif_() throws java.lang.IllegalAccessException,java.lang.IllegalArgumentException,java.lang.reflect.InvocationTargetException,java.lang.NoSuchMethodException,java.lang.SecurityException,java.lang.InstantiationException,java.lang.ClassNotFoundException" started-at="2024-01-25T13:44:03 WAT" name="testSolveA_TresProcheDeZeroPositif_B_TresGrandPositif_C_TresProcheDeZeroNegatif_" finished-at="2024-01-25T13:44:04 WAT" duration-ms="71" status="PASS">
          <reporter-output>
          </reporter-output>
        </test-method> <!-- testSolveA_TresProcheDeZeroPositif_B_TresGrandPositif_C_TresProcheDeZeroNegatif_ -->
        <test-method signature="testSolveA_TresGrandNegatif_B_NegatifNormal_C_TresGrandNegatif_() throws java.lang.IllegalAccessException,java.lang.IllegalArgumentException,java.lang.reflect.InvocationTargetException,java.lang.NoSuchMethodException,java.lang.SecurityException,java.lang.InstantiationException,java.lang.ClassNotFoundException" started-at="2024-01-25T13:44:03 WAT" name="testSolveA_TresGrandNegatif_B_NegatifNormal_C_TresGrandNegatif_" finished-at="2024-01-25T13:44:04 WAT" duration-ms="88" status="PASS">
          <reporter-output>
          </reporter-output>
        </test-method> <!-- testSolveA_TresGrandNegatif_B_NegatifNormal_C_TresGrandNegatif_ -->
        <test-method signature="testSolveA_TresProcheDeZeroPositif_B_TresProcheDeZeroPositif_C_TresGrandNegatif_() throws java.lang.IllegalAccessException,java.lang.IllegalArgumentException,java.lang.reflect.InvocationTargetException,java.lang.NoSuchMethodException,java.lang.SecurityException,java.lang.InstantiationException,java.lang.ClassNotFoundException" started-at="2024-01-25T13:44:03 WAT" name="testSolveA_TresProcheDeZeroPositif_B_TresProcheDeZeroPositif_C_TresGrandNegatif_" finished-at="2024-01-25T13:44:04 WAT" duration-ms="82" status="PASS">
          <reporter-output>
          </reporter-output>
        </test-method> <!-- testSolveA_TresProcheDeZeroPositif_B_TresProcheDeZeroPositif_C_TresGrandNegatif_ -->
        <test-method signature="testSolveA_PositifNormal_B_Zero_C_TresGrandPositif_() throws java.lang.IllegalAccessException,java.lang.IllegalArgumentException,java.lang.reflect.InvocationTargetException,java.lang.NoSuchMethodException,java.lang.SecurityException,java.lang.InstantiationException,java.lang.ClassNotFoundException" started-at="2024-01-25T13:44:03 WAT" name="testSolveA_PositifNormal_B_Zero_C_TresGrandPositif_" finished-at="2024-01-25T13:44:04 WAT" duration-ms="86" status="PASS">
          <reporter-output>
          </reporter-output>
        </test-method> <!-- testSolveA_PositifNormal_B_Zero_C_TresGrandPositif_ -->
        <test-method signature="testSolveA_TresGrandPositif_B_Zero_C_TresProcheDeZeroNegatif_() throws java.lang.IllegalAccessException,java.lang.IllegalArgumentException,java.lang.reflect.InvocationTargetException,java.lang.NoSuchMethodException,java.lang.SecurityException,java.lang.InstantiationException,java.lang.ClassNotFoundException" started-at="2024-01-25T13:44:03 WAT" name="testSolveA_TresGrandPositif_B_Zero_C_TresProcheDeZeroNegatif_" finished-at="2024-01-25T13:44:04 WAT" duration-ms="81" status="PASS">
          <reporter-output>
          </reporter-output>
        </test-method> <!-- testSolveA_TresGrandPositif_B_Zero_C_TresProcheDeZeroNegatif_ -->
        <test-method signature="testSolveA_TresProcheDeZeroPositif_B_NegatifNormal_C_Zero_() throws java.lang.IllegalAccessException,java.lang.IllegalArgumentException,java.lang.reflect.InvocationTargetException,java.lang.NoSuchMethodException,java.lang.SecurityException,java.lang.InstantiationException,java.lang.ClassNotFoundException" started-at="2024-01-25T13:44:03 WAT" name="testSolveA_TresProcheDeZeroPositif_B_NegatifNormal_C_Zero_" finished-at="2024-01-25T13:44:04 WAT" duration-ms="83" status="PASS">
          <reporter-output>
          </reporter-output>
        </test-method> <!-- testSolveA_TresProcheDeZeroPositif_B_NegatifNormal_C_Zero_ -->
        <test-method signature="testSolveA_NegatifNormal_B_ProcheDeZeroPositif_C_TresGrandNegatif_() throws java.lang.IllegalAccessException,java.lang.IllegalArgumentException,java.lang.reflect.InvocationTargetException,java.lang.NoSuchMethodException,java.lang.SecurityException,java.lang.InstantiationException,java.lang.ClassNotFoundException" started-at="2024-01-25T13:44:03 WAT" name="testSolveA_NegatifNormal_B_ProcheDeZeroPositif_C_TresGrandNegatif_" finished-at="2024-01-25T13:44:04 WAT" duration-ms="80" status="PASS">
          <reporter-output>
          </reporter-output>
        </test-method> <!-- testSolveA_NegatifNormal_B_ProcheDeZeroPositif_C_TresGrandNegatif_ -->
        <test-method signature="testSolveA_Zero_B_TresProcheDeZeroNegatif_C_Zero_() throws java.lang.IllegalAccessException,java.lang.IllegalArgumentException,java.lang.reflect.InvocationTargetException,java.lang.NoSuchMethodException,java.lang.SecurityException,java.lang.InstantiationException,java.lang.ClassNotFoundException" started-at="2024-01-25T13:44:03 WAT" name="testSolveA_Zero_B_TresProcheDeZeroNegatif_C_Zero_" finished-at="2024-01-25T13:44:04 WAT" duration-ms="80" status="PASS">
          <reporter-output>
          </reporter-output>
        </test-method> <!-- testSolveA_Zero_B_TresProcheDeZeroNegatif_C_Zero_ -->
        <test-method signature="testSolveA_Zero_B_Zero_C_TresGrandNegatif_() throws java.lang.IllegalAccessException,java.lang.IllegalArgumentException,java.lang.reflect.InvocationTargetException,java.lang.NoSuchMethodException,java.lang.SecurityException,java.lang.InstantiationException,java.lang.ClassNotFoundException" started-at="2024-01-25T13:44:03 WAT" name="testSolveA_Zero_B_Zero_C_TresGrandNegatif_" finished-at="2024-01-25T13:44:04 WAT" duration-ms="87" status="PASS">
          <reporter-output>
          </reporter-output>
        </test-method> <!-- testSolveA_Zero_B_Zero_C_TresGrandNegatif_ -->
        <test-method signature="testSolveA_Zero_B_ProcheDeZeroPositif_C_ProcheDeZeroNegatif_() throws java.lang.IllegalAccessException,java.lang.IllegalArgumentException,java.lang.reflect.InvocationTargetException,java.lang.NoSuchMethodException,java.lang.SecurityException,java.lang.InstantiationException,java.lang.ClassNotFoundException" started-at="2024-01-25T13:44:03 WAT" name="testSolveA_Zero_B_ProcheDeZeroPositif_C_ProcheDeZeroNegatif_" finished-at="2024-01-25T13:44:04 WAT" duration-ms="76" status="PASS">
          <reporter-output>
          </reporter-output>
        </test-method> <!-- testSolveA_Zero_B_ProcheDeZeroPositif_C_ProcheDeZeroNegatif_ -->
        <test-method signature="testSolveA_ProcheDeZeroPositif_B_TresGrandPositif_C_TresProcheDeZeroPositif_() throws java.lang.IllegalAccessException,java.lang.IllegalArgumentException,java.lang.reflect.InvocationTargetException,java.lang.NoSuchMethodException,java.lang.SecurityException,java.lang.InstantiationException,java.lang.ClassNotFoundException" started-at="2024-01-25T13:44:03 WAT" name="testSolveA_ProcheDeZeroPositif_B_TresGrandPositif_C_TresProcheDeZeroPositif_" finished-at="2024-01-25T13:44:04 WAT" duration-ms="78" status="PASS">
          <reporter-output>
          </reporter-output>
        </test-method> <!-- testSolveA_ProcheDeZeroPositif_B_TresGrandPositif_C_TresProcheDeZeroPositif_ -->
        <test-method signature="testSolveA_ProcheDeZeroNegatif_B_Zero_C_Zero_() throws java.lang.IllegalAccessException,java.lang.IllegalArgumentException,java.lang.reflect.InvocationTargetException,java.lang.NoSuchMethodException,java.lang.SecurityException,java.lang.InstantiationException,java.lang.ClassNotFoundException" started-at="2024-01-25T13:44:03 WAT" name="testSolveA_ProcheDeZeroNegatif_B_Zero_C_Zero_" finished-at="2024-01-25T13:44:04 WAT" duration-ms="78" status="PASS">
          <reporter-output>
          </reporter-output>
        </test-method> <!-- testSolveA_ProcheDeZeroNegatif_B_Zero_C_Zero_ -->
        <test-method signature="testSolveA_ProcheDeZeroNegatif_B_TresProcheDeZeroNegatif_C_TresGrandNegatif_() throws java.lang.IllegalAccessException,java.lang.IllegalArgumentException,java.lang.reflect.InvocationTargetException,java.lang.NoSuchMethodException,java.lang.SecurityException,java.lang.InstantiationException,java.lang.ClassNotFoundException" started-at="2024-01-25T13:44:03 WAT" name="testSolveA_ProcheDeZeroNegatif_B_TresProcheDeZeroNegatif_C_TresGrandNegatif_" finished-at="2024-01-25T13:44:04 WAT" duration-ms="79" status="PASS">
          <reporter-output>
          </reporter-output>
        </test-method> <!-- testSolveA_ProcheDeZeroNegatif_B_TresProcheDeZeroNegatif_C_TresGrandNegatif_ -->
        <test-method signature="testSolveA_PositifNormal_B_PositifNormal_C_Zero_() throws java.lang.IllegalAccessException,java.lang.IllegalArgumentException,java.lang.reflect.InvocationTargetException,java.lang.NoSuchMethodException,java.lang.SecurityException,java.lang.InstantiationException,java.lang.ClassNotFoundException" started-at="2024-01-25T13:44:03 WAT" name="testSolveA_PositifNormal_B_PositifNormal_C_Zero_" finished-at="2024-01-25T13:44:04 WAT" duration-ms="85" status="PASS">
          <reporter-output>
          </reporter-output>
        </test-method> <!-- testSolveA_PositifNormal_B_PositifNormal_C_Zero_ -->
        <test-method signature="testSolveA_ProcheDeZeroPositif_B_PositifNormal_C_TresGrandPositif_() throws java.lang.IllegalAccessException,java.lang.IllegalArgumentException,java.lang.reflect.InvocationTargetException,java.lang.NoSuchMethodException,java.lang.SecurityException,java.lang.InstantiationException,java.lang.ClassNotFoundException" started-at="2024-01-25T13:44:03 WAT" name="testSolveA_ProcheDeZeroPositif_B_PositifNormal_C_TresGrandPositif_" finished-at="2024-01-25T13:44:04 WAT" duration-ms="94" status="PASS">
          <reporter-output>
          </reporter-output>
        </test-method> <!-- testSolveA_ProcheDeZeroPositif_B_PositifNormal_C_TresGrandPositif_ -->
        <test-method signature="testSolveA_TresGrandPositif_B_TresGrandNegatif_C_ProcheDeZeroNegatif_() throws java.lang.IllegalAccessException,java.lang.IllegalArgumentException,java.lang.reflect.InvocationTargetException,java.lang.NoSuchMethodException,java.lang.SecurityException,java.lang.InstantiationException,java.lang.ClassNotFoundException" started-at="2024-01-25T13:44:03 WAT" name="testSolveA_TresGrandPositif_B_TresGrandNegatif_C_ProcheDeZeroNegatif_" finished-at="2024-01-25T13:44:04 WAT" duration-ms="91" status="PASS">
          <reporter-output>
          </reporter-output>
        </test-method> <!-- testSolveA_TresGrandPositif_B_TresGrandNegatif_C_ProcheDeZeroNegatif_ -->
        <test-method signature="testSolveA_TresProcheDeZeroPositif_B_Zero_C_ProcheDeZeroPositif_() throws java.lang.IllegalAccessException,java.lang.IllegalArgumentException,java.lang.reflect.InvocationTargetException,java.lang.NoSuchMethodException,java.lang.SecurityException,java.lang.InstantiationException,java.lang.ClassNotFoundException" started-at="2024-01-25T13:44:03 WAT" name="testSolveA_TresProcheDeZeroPositif_B_Zero_C_ProcheDeZeroPositif_" finished-at="2024-01-25T13:44:04 WAT" duration-ms="89" status="PASS">
          <reporter-output>
          </reporter-output>
        </test-method> <!-- testSolveA_TresProcheDeZeroPositif_B_Zero_C_ProcheDeZeroPositif_ -->
        <test-method signature="testSolveA_NegatifNormal_B_TresGrandNegatif_C_Zero_() throws java.lang.IllegalAccessException,java.lang.IllegalArgumentException,java.lang.reflect.InvocationTargetException,java.lang.NoSuchMethodException,java.lang.SecurityException,java.lang.InstantiationException,java.lang.ClassNotFoundException" started-at="2024-01-25T13:44:03 WAT" name="testSolveA_NegatifNormal_B_TresGrandNegatif_C_Zero_" finished-at="2024-01-25T13:44:04 WAT" duration-ms="99" status="PASS">
          <reporter-output>
          </reporter-output>
        </test-method> <!-- testSolveA_NegatifNormal_B_TresGrandNegatif_C_Zero_ -->
        <test-method signature="testSolveA_NegatifNormal_B_PositifNormal_C_ProcheDeZeroNegatif_() throws java.lang.IllegalAccessException,java.lang.IllegalArgumentException,java.lang.reflect.InvocationTargetException,java.lang.NoSuchMethodException,java.lang.SecurityException,java.lang.InstantiationException,java.lang.ClassNotFoundException" started-at="2024-01-25T13:44:03 WAT" name="testSolveA_NegatifNormal_B_PositifNormal_C_ProcheDeZeroNegatif_" finished-at="2024-01-25T13:44:04 WAT" duration-ms="101" status="PASS">
          <reporter-output>
          </reporter-output>
        </test-method> <!-- testSolveA_NegatifNormal_B_PositifNormal_C_ProcheDeZeroNegatif_ -->
        <test-method signature="testSolveA_TresProcheDeZeroPositif_B_PositifNormal_C_PositifNormal_() throws java.lang.IllegalAccessException,java.lang.IllegalArgumentException,java.lang.reflect.InvocationTargetException,java.lang.NoSuchMethodException,java.lang.SecurityException,java.lang.InstantiationException,java.lang.ClassNotFoundException" started-at="2024-01-25T13:44:03 WAT" name="testSolveA_TresProcheDeZeroPositif_B_PositifNormal_C_PositifNormal_" finished-at="2024-01-25T13:44:04 WAT" duration-ms="97" status="PASS">
          <reporter-output>
          </reporter-output>
        </test-method> <!-- testSolveA_TresProcheDeZeroPositif_B_PositifNormal_C_PositifNormal_ -->
        <test-method signature="testSolveA_TresGrandNegatif_B_TresProcheDeZeroNegatif_C_ProcheDeZeroNegatif_() throws java.lang.IllegalAccessException,java.lang.IllegalArgumentException,java.lang.reflect.InvocationTargetException,java.lang.NoSuchMethodException,java.lang.SecurityException,java.lang.InstantiationException,java.lang.ClassNotFoundException" started-at="2024-01-25T13:44:03 WAT" name="testSolveA_TresGrandNegatif_B_TresProcheDeZeroNegatif_C_ProcheDeZeroNegatif_" finished-at="2024-01-25T13:44:04 WAT" duration-ms="102" status="PASS">
          <reporter-output>
          </reporter-output>
        </test-method> <!-- testSolveA_TresGrandNegatif_B_TresProcheDeZeroNegatif_C_ProcheDeZeroNegatif_ -->
        <test-method signature="testSolveA_TresProcheDeZeroNegatif_B_TresGrandPositif_C_Zero_() throws java.lang.IllegalAccessException,java.lang.IllegalArgumentException,java.lang.reflect.InvocationTargetException,java.lang.NoSuchMethodException,java.lang.SecurityException,java.lang.InstantiationException,java.lang.ClassNotFoundException" started-at="2024-01-25T13:44:03 WAT" name="testSolveA_TresProcheDeZeroNegatif_B_TresGrandPositif_C_Zero_" finished-at="2024-01-25T13:44:04 WAT" duration-ms="92" status="PASS">
          <reporter-output>
          </reporter-output>
        </test-method> <!-- testSolveA_TresProcheDeZeroNegatif_B_TresGrandPositif_C_Zero_ -->
        <test-method signature="testSolveA_PositifNormal_B_ProcheDeZeroPositif_C_Zero_() throws java.lang.IllegalAccessException,java.lang.IllegalArgumentException,java.lang.reflect.InvocationTargetException,java.lang.NoSuchMethodException,java.lang.SecurityException,java.lang.InstantiationException,java.lang.ClassNotFoundException" started-at="2024-01-25T13:44:03 WAT" name="testSolveA_PositifNormal_B_ProcheDeZeroPositif_C_Zero_" finished-at="2024-01-25T13:44:04 WAT" duration-ms="98" status="PASS">
          <reporter-output>
          </reporter-output>
        </test-method> <!-- testSolveA_PositifNormal_B_ProcheDeZeroPositif_C_Zero_ -->
        <test-method signature="testSolveA_PositifNormal_B_TresGrandPositif_C_TresGrandNegatif_() throws java.lang.IllegalAccessException,java.lang.IllegalArgumentException,java.lang.reflect.InvocationTargetException,java.lang.NoSuchMethodException,java.lang.SecurityException,java.lang.InstantiationException,java.lang.ClassNotFoundException" started-at="2024-01-25T13:44:03 WAT" name="testSolveA_PositifNormal_B_TresGrandPositif_C_TresGrandNegatif_" finished-at="2024-01-25T13:44:04 WAT" duration-ms="99" status="PASS">
          <reporter-output>
          </reporter-output>
        </test-method> <!-- testSolveA_PositifNormal_B_TresGrandPositif_C_TresGrandNegatif_ -->
        <test-method signature="testSolveA_TresProcheDeZeroNegatif_B_PositifNormal_C_TresProcheDeZeroPositif_() throws java.lang.IllegalAccessException,java.lang.IllegalArgumentException,java.lang.reflect.InvocationTargetException,java.lang.NoSuchMethodException,java.lang.SecurityException,java.lang.InstantiationException,java.lang.ClassNotFoundException" started-at="2024-01-25T13:44:03 WAT" name="testSolveA_TresProcheDeZeroNegatif_B_PositifNormal_C_TresProcheDeZeroPositif_" finished-at="2024-01-25T13:44:04 WAT" duration-ms="88" status="PASS">
          <reporter-output>
          </reporter-output>
        </test-method> <!-- testSolveA_TresProcheDeZeroNegatif_B_PositifNormal_C_TresProcheDeZeroPositif_ -->
        <test-method signature="testSolveA_Zero_B_ProcheDeZeroNegatif_C_ProcheDeZeroPositif_() throws java.lang.IllegalAccessException,java.lang.IllegalArgumentException,java.lang.reflect.InvocationTargetException,java.lang.NoSuchMethodException,java.lang.SecurityException,java.lang.InstantiationException,java.lang.ClassNotFoundException" started-at="2024-01-25T13:44:03 WAT" name="testSolveA_Zero_B_ProcheDeZeroNegatif_C_ProcheDeZeroPositif_" finished-at="2024-01-25T13:44:04 WAT" duration-ms="96" status="PASS">
          <reporter-output>
          </reporter-output>
        </test-method> <!-- testSolveA_Zero_B_ProcheDeZeroNegatif_C_ProcheDeZeroPositif_ -->
        <test-method signature="testSolveA_TresProcheDeZeroNegatif_B_ProcheDeZeroNegatif_C_TresGrandNegatif_() throws java.lang.IllegalAccessException,java.lang.IllegalArgumentException,java.lang.reflect.InvocationTargetException,java.lang.NoSuchMethodException,java.lang.SecurityException,java.lang.InstantiationException,java.lang.ClassNotFoundException" started-at="2024-01-25T13:44:03 WAT" name="testSolveA_TresProcheDeZeroNegatif_B_ProcheDeZeroNegatif_C_TresGrandNegatif_" finished-at="2024-01-25T13:44:04 WAT" duration-ms="100" status="PASS">
          <reporter-output>
          </reporter-output>
        </test-method> <!-- testSolveA_TresProcheDeZeroNegatif_B_ProcheDeZeroNegatif_C_TresGrandNegatif_ -->
        <test-method signature="testSolveA_ProcheDeZeroPositif_B_ProcheDeZeroNegatif_C_TresProcheDeZeroNegatif_() throws java.lang.IllegalAccessException,java.lang.IllegalArgumentException,java.lang.reflect.InvocationTargetException,java.lang.NoSuchMethodException,java.lang.SecurityException,java.lang.InstantiationException,java.lang.ClassNotFoundException" started-at="2024-01-25T13:44:03 WAT" name="testSolveA_ProcheDeZeroPositif_B_ProcheDeZeroNegatif_C_TresProcheDeZeroNegatif_" finished-at="2024-01-25T13:44:04 WAT" duration-ms="88" status="PASS">
          <reporter-output>
          </reporter-output>
        </test-method> <!-- testSolveA_ProcheDeZeroPositif_B_ProcheDeZeroNegatif_C_TresProcheDeZeroNegatif_ -->
        <test-method signature="testSolveA_TresProcheDeZeroNegatif_B_NegatifNormal_C_ProcheDeZeroPositif_() throws java.lang.IllegalAccessException,java.lang.IllegalArgumentException,java.lang.reflect.InvocationTargetException,java.lang.NoSuchMethodException,java.lang.SecurityException,java.lang.InstantiationException,java.lang.ClassNotFoundException" started-at="2024-01-25T13:44:03 WAT" name="testSolveA_TresProcheDeZeroNegatif_B_NegatifNormal_C_ProcheDeZeroPositif_" finished-at="2024-01-25T13:44:04 WAT" duration-ms="103" status="PASS">
          <reporter-output>
          </reporter-output>
        </test-method> <!-- testSolveA_TresProcheDeZeroNegatif_B_NegatifNormal_C_ProcheDeZeroPositif_ -->
        <test-method signature="testSolveA_ProcheDeZeroNegatif_B_TresGrandPositif_C_ProcheDeZeroPositif_() throws java.lang.IllegalAccessException,java.lang.IllegalArgumentException,java.lang.reflect.InvocationTargetException,java.lang.NoSuchMethodException,java.lang.SecurityException,java.lang.InstantiationException,java.lang.ClassNotFoundException" started-at="2024-01-25T13:44:03 WAT" name="testSolveA_ProcheDeZeroNegatif_B_TresGrandPositif_C_ProcheDeZeroPositif_" finished-at="2024-01-25T13:44:04 WAT" duration-ms="102" status="PASS">
          <reporter-output>
          </reporter-output>
        </test-method> <!-- testSolveA_ProcheDeZeroNegatif_B_TresGrandPositif_C_ProcheDeZeroPositif_ -->
      </class> <!-- dev.djob.id.QuadraticEquationSolverTest -->
    </test> <!-- Surefire test -->
  </suite> <!-- Surefire suite -->
</testng-results>
