<?xml version="1.0" encoding="UTF-8"?>
<!-- Generated by org.testng.reporters.JUnitXMLReporter -->
<testsuite ignored="0" hostname="DESKTOP-79L1OC3" failures="0" tests="92" name="Surefire test" time="1.141" errors="0" timestamp="2024-01-25T19:21:14 WAT">
  <testcase classname="dev.djob.id.AppTest" name="shouldAnswerWithTrue on shouldAnswerWithTrue(dev.djob.id.AppTest)" time="0.017"/>
  <testcase classname="dev.djob.id.QuadraticEquationSolverTest" name="testSolveA_TresGrandNegatif_B_ProcheDeZeroNegatif_C_TresProcheDeZeroPositif_ on testSolveA_TresGrandNegatif_B_ProcheDeZeroNegatif_C_TresProcheDeZeroPositif_(dev.djob.id.QuadraticEquationSolverTest)" time="0.079"/>
  <testcase classname="dev.djob.id.QuadraticEquationSolverTest" name="testSolveA_ProcheDeZeroPositif_B_TresGrandPositif_C_PositifNormal_ on testSolveA_ProcheDeZeroPositif_B_TresGrandPositif_C_PositifNormal_(dev.djob.id.QuadraticEquationSolverTest)" time="0.083"/>
  <testcase classname="dev.djob.id.QuadraticEquationSolverTest" name="testSolveA_ProcheDeZeroNegatif_B_ProcheDeZeroPositif_C_TresProcheDeZeroNegatif_ on testSolveA_ProcheDeZeroNegatif_B_ProcheDeZeroPositif_C_TresProcheDeZeroNegatif_(dev.djob.id.QuadraticEquationSolverTest)" time="0.089"/>
  <testcase classname="dev.djob.id.QuadraticEquationSolverTest" name="testSolveA_TresGrandNegatif_B_TresProcheDeZeroPositif_C_TresProcheDeZeroNegatif_ on testSolveA_TresGrandNegatif_B_TresProcheDeZeroPositif_C_TresProcheDeZeroNegatif_(dev.djob.id.QuadraticEquationSolverTest)" time="0.093"/>
  <testcase classname="dev.djob.id.QuadraticEquationSolverTest" name="testSolveA_TresGrandPositif_B_TresGrandNegatif_C_PositifNormal_ on testSolveA_TresGrandPositif_B_TresGrandNegatif_C_PositifNormal_(dev.djob.id.QuadraticEquationSolverTest)" time="0.098"/>
  <testcase classname="dev.djob.id.QuadraticEquationSolverTest" name="testSolveA_NegatifNormal_B_TresGrandPositif_C_ProcheDeZeroPositif_ on testSolveA_NegatifNormal_B_TresGrandPositif_C_ProcheDeZeroPositif_(dev.djob.id.QuadraticEquationSolverTest)" time="0.102"/>
  <testcase classname="dev.djob.id.QuadraticEquationSolverTest" name="testSolveA_NegatifNormal_B_Zero_C_NegatifNormal_ on testSolveA_NegatifNormal_B_Zero_C_NegatifNormal_(dev.djob.id.QuadraticEquationSolverTest)" time="0.103"/>
  <testcase classname="dev.djob.id.QuadraticEquationSolverTest" name="testSolveA_TresGrandNegatif_B_Zero_C_PositifNormal_ on testSolveA_TresGrandNegatif_B_Zero_C_PositifNormal_(dev.djob.id.QuadraticEquationSolverTest)" time="0.109"/>
  <testcase classname="dev.djob.id.QuadraticEquationSolverTest" name="testSolveA_ProcheDeZeroPositif_B_TresGrandNegatif_C_TresGrandNegatif_ on testSolveA_ProcheDeZeroPositif_B_TresGrandNegatif_C_TresGrandNegatif_(dev.djob.id.QuadraticEquationSolverTest)" time="0.109"/>
  <testcase classname="dev.djob.id.QuadraticEquationSolverTest" name="testSolveA_PositifNormal_B_TresProcheDeZeroPositif_C_ProcheDeZeroPositif_ on testSolveA_PositifNormal_B_TresProcheDeZeroPositif_C_ProcheDeZeroPositif_(dev.djob.id.QuadraticEquationSolverTest)" time="0.116"/>
  <testcase classname="dev.djob.id.QuadraticEquationSolverTest" name="testSolveA_TresProcheDeZeroNegatif_B_TresProcheDeZeroPositif_C_TresGrandPositif_ on testSolveA_TresProcheDeZeroNegatif_B_TresProcheDeZeroPositif_C_TresGrandPositif_(dev.djob.id.QuadraticEquationSolverTest)" time="0.12"/>
  <testcase classname="dev.djob.id.QuadraticEquationSolverTest" name="testSolveA_ProcheDeZeroPositif_B_ProcheDeZeroNegatif_C_ProcheDeZeroNegatif_ on testSolveA_ProcheDeZeroPositif_B_ProcheDeZeroNegatif_C_ProcheDeZeroNegatif_(dev.djob.id.QuadraticEquationSolverTest)" time="0.123"/>
  <testcase classname="dev.djob.id.QuadraticEquationSolverTest" name="testSolveA_NegatifNormal_B_Zero_C_TresGrandPositif_ on testSolveA_NegatifNormal_B_Zero_C_TresGrandPositif_(dev.djob.id.QuadraticEquationSolverTest)" time="0.125"/>
  <testcase classname="dev.djob.id.QuadraticEquationSolverTest" name="testSolveA_NegatifNormal_B_TresProcheDeZeroNegatif_C_PositifNormal_ on testSolveA_NegatifNormal_B_TresProcheDeZeroNegatif_C_PositifNormal_(dev.djob.id.QuadraticEquationSolverTest)" time="0.133"/>
  <testcase classname="dev.djob.id.QuadraticEquationSolverTest" name="testSolveA_TresProcheDeZeroPositif_B_TresProcheDeZeroNegatif_C_NegatifNormal_ on testSolveA_TresProcheDeZeroPositif_B_TresProcheDeZeroNegatif_C_NegatifNormal_(dev.djob.id.QuadraticEquationSolverTest)" time="0.136"/>
  <testcase classname="dev.djob.id.QuadraticEquationSolverTest" name="testSolveA_PositifNormal_B_ProcheDeZeroNegatif_C_NegatifNormal_ on testSolveA_PositifNormal_B_ProcheDeZeroNegatif_C_NegatifNormal_(dev.djob.id.QuadraticEquationSolverTest)" time="0.147"/>
  <testcase classname="dev.djob.id.QuadraticEquationSolverTest" name="testSolveA_TresGrandNegatif_B_TresGrandPositif_C_Zero_ on testSolveA_TresGrandNegatif_B_TresGrandPositif_C_Zero_(dev.djob.id.QuadraticEquationSolverTest)" time="0.15"/>
  <testcase classname="dev.djob.id.QuadraticEquationSolverTest" name="testSolveA_TresProcheDeZeroPositif_B_TresGrandNegatif_C_TresProcheDeZeroNegatif_ on testSolveA_TresProcheDeZeroPositif_B_TresGrandNegatif_C_TresProcheDeZeroNegatif_(dev.djob.id.QuadraticEquationSolverTest)" time="0.152"/>
  <testcase classname="dev.djob.id.QuadraticEquationSolverTest" name="testSolveA_TresProcheDeZeroNegatif_B_ProcheDeZeroPositif_C_TresProcheDeZeroNegatif_ on testSolveA_TresProcheDeZeroNegatif_B_ProcheDeZeroPositif_C_TresProcheDeZeroNegatif_(dev.djob.id.QuadraticEquationSolverTest)" time="0.153"/>
  <testcase classname="dev.djob.id.QuadraticEquationSolverTest" name="testSolveA_ProcheDeZeroNegatif_B_ProcheDeZeroNegatif_C_PositifNormal_ on testSolveA_ProcheDeZeroNegatif_B_ProcheDeZeroNegatif_C_PositifNormal_(dev.djob.id.QuadraticEquationSolverTest)" time="0.154"/>
  <testcase classname="dev.djob.id.QuadraticEquationSolverTest" name="testSolveA_TresGrandPositif_B_ProcheDeZeroPositif_C_ProcheDeZeroPositif_ on testSolveA_TresGrandPositif_B_ProcheDeZeroPositif_C_ProcheDeZeroPositif_(dev.djob.id.QuadraticEquationSolverTest)" time="0.157"/>
  <testcase classname="dev.djob.id.QuadraticEquationSolverTest" name="testSolveA_TresGrandPositif_B_NegatifNormal_C_TresGrandPositif_ on testSolveA_TresGrandPositif_B_NegatifNormal_C_TresGrandPositif_(dev.djob.id.QuadraticEquationSolverTest)" time="0.159"/>
  <testcase classname="dev.djob.id.QuadraticEquationSolverTest" name="testSolveA_Zero_B_TresProcheDeZeroPositif_C_PositifNormal_ on testSolveA_Zero_B_TresProcheDeZeroPositif_C_PositifNormal_(dev.djob.id.QuadraticEquationSolverTest)" time="0.163"/>
  <testcase classname="dev.djob.id.QuadraticEquationSolverTest" name="testSolveA_TresGrandPositif_B_TresProcheDeZeroNegatif_C_ProcheDeZeroPositif_ on testSolveA_TresGrandPositif_B_TresProcheDeZeroNegatif_C_ProcheDeZeroPositif_(dev.djob.id.QuadraticEquationSolverTest)" time="0.165"/>
  <testcase classname="dev.djob.id.QuadraticEquationSolverTest" name="testSolveA_TresGrandPositif_B_ProcheDeZeroNegatif_C_Zero_ on testSolveA_TresGrandPositif_B_ProcheDeZeroNegatif_C_Zero_(dev.djob.id.QuadraticEquationSolverTest)" time="0.166"/>
  <testcase classname="dev.djob.id.QuadraticEquationSolverTest" name="testSolveA_ProcheDeZeroNegatif_B_TresProcheDeZeroPositif_C_ProcheDeZeroNegatif_ on testSolveA_ProcheDeZeroNegatif_B_TresProcheDeZeroPositif_C_ProcheDeZeroNegatif_(dev.djob.id.QuadraticEquationSolverTest)" time="0.168"/>
  <testcase classname="dev.djob.id.QuadraticEquationSolverTest" name="testSolveA_NegatifNormal_B_ProcheDeZeroNegatif_C_TresProcheDeZeroPositif_ on testSolveA_NegatifNormal_B_ProcheDeZeroNegatif_C_TresProcheDeZeroPositif_(dev.djob.id.QuadraticEquationSolverTest)" time="0.169"/>
  <testcase classname="dev.djob.id.QuadraticEquationSolverTest" name="testSolveA_ProcheDeZeroPositif_B_NegatifNormal_C_ProcheDeZeroPositif_ on testSolveA_ProcheDeZeroPositif_B_NegatifNormal_C_ProcheDeZeroPositif_(dev.djob.id.QuadraticEquationSolverTest)" time="0.172"/>
  <testcase classname="dev.djob.id.QuadraticEquationSolverTest" name="testSolveA_Zero_B_TresGrandPositif_C_TresGrandPositif_ on testSolveA_Zero_B_TresGrandPositif_C_TresGrandPositif_(dev.djob.id.QuadraticEquationSolverTest)" time="0.173"/>
  <testcase classname="dev.djob.id.QuadraticEquationSolverTest" name="testSolveA_ProcheDeZeroNegatif_B_TresGrandNegatif_C_TresGrandPositif_ on testSolveA_ProcheDeZeroNegatif_B_TresGrandNegatif_C_TresGrandPositif_(dev.djob.id.QuadraticEquationSolverTest)" time="0.175"/>
  <testcase classname="dev.djob.id.QuadraticEquationSolverTest" name="testSolveA_Zero_B_NegatifNormal_C_NegatifNormal_ on testSolveA_Zero_B_NegatifNormal_C_NegatifNormal_(dev.djob.id.QuadraticEquationSolverTest)" time="0.175"/>
  <testcase classname="dev.djob.id.QuadraticEquationSolverTest" name="testSolveA_PositifNormal_B_TresGrandNegatif_C_TresProcheDeZeroNegatif_ on testSolveA_PositifNormal_B_TresGrandNegatif_C_TresProcheDeZeroNegatif_(dev.djob.id.QuadraticEquationSolverTest)" time="0.177"/>
  <testcase classname="dev.djob.id.QuadraticEquationSolverTest" name="testSolveA_TresGrandNegatif_B_TresGrandNegatif_C_ProcheDeZeroPositif_ on testSolveA_TresGrandNegatif_B_TresGrandNegatif_C_ProcheDeZeroPositif_(dev.djob.id.QuadraticEquationSolverTest)" time="0.176"/>
  <testcase classname="dev.djob.id.QuadraticEquationSolverTest" name="testSolveA_ProcheDeZeroPositif_B_TresProcheDeZeroNegatif_C_TresProcheDeZeroNegatif_ on testSolveA_ProcheDeZeroPositif_B_TresProcheDeZeroNegatif_C_TresProcheDeZeroNegatif_(dev.djob.id.QuadraticEquationSolverTest)" time="0.176"/>
  <testcase classname="dev.djob.id.QuadraticEquationSolverTest" name="testSolveA_TresProcheDeZeroNegatif_B_ProcheDeZeroPositif_C_PositifNormal_ on testSolveA_TresProcheDeZeroNegatif_B_ProcheDeZeroPositif_C_PositifNormal_(dev.djob.id.QuadraticEquationSolverTest)" time="0.176"/>
  <testcase classname="dev.djob.id.QuadraticEquationSolverTest" name="testSolveA_NegatifNormal_B_NegatifNormal_C_TresProcheDeZeroNegatif_ on testSolveA_NegatifNormal_B_NegatifNormal_C_TresProcheDeZeroNegatif_(dev.djob.id.QuadraticEquationSolverTest)" time="0.177"/>
  <testcase classname="dev.djob.id.QuadraticEquationSolverTest" name="testSolveA_Zero_B_TresGrandNegatif_C_TresProcheDeZeroPositif_ on testSolveA_Zero_B_TresGrandNegatif_C_TresProcheDeZeroPositif_(dev.djob.id.QuadraticEquationSolverTest)" time="0.179"/>
  <testcase classname="dev.djob.id.QuadraticEquationSolverTest" name="testSolveA_ProcheDeZeroPositif_B_TresProcheDeZeroPositif_C_Zero_ on testSolveA_ProcheDeZeroPositif_B_TresProcheDeZeroPositif_C_Zero_(dev.djob.id.QuadraticEquationSolverTest)" time="0.179"/>
  <testcase classname="dev.djob.id.QuadraticEquationSolverTest" name="testSolveA_TresProcheDeZeroPositif_B_ProcheDeZeroPositif_C_TresProcheDeZeroPositif_ on testSolveA_TresProcheDeZeroPositif_B_ProcheDeZeroPositif_C_TresProcheDeZeroPositif_(dev.djob.id.QuadraticEquationSolverTest)" time="0.18"/>
  <testcase classname="dev.djob.id.QuadraticEquationSolverTest" name="testSolveA_PositifNormal_B_TresProcheDeZeroNegatif_C_TresProcheDeZeroPositif_ on testSolveA_PositifNormal_B_TresProcheDeZeroNegatif_C_TresProcheDeZeroPositif_(dev.djob.id.QuadraticEquationSolverTest)" time="0.18"/>
  <testcase classname="dev.djob.id.QuadraticEquationSolverTest" name="testSolveA_ProcheDeZeroPositif_B_ProcheDeZeroPositif_C_NegatifNormal_ on testSolveA_ProcheDeZeroPositif_B_ProcheDeZeroPositif_C_NegatifNormal_(dev.djob.id.QuadraticEquationSolverTest)" time="0.181"/>
  <testcase classname="dev.djob.id.QuadraticEquationSolverTest" name="testSolveA_TresProcheDeZeroPositif_B_ProcheDeZeroNegatif_C_TresGrandPositif_ on testSolveA_TresProcheDeZeroPositif_B_ProcheDeZeroNegatif_C_TresGrandPositif_(dev.djob.id.QuadraticEquationSolverTest)" time="0.179"/>
  <testcase classname="dev.djob.id.QuadraticEquationSolverTest" name="testSolveA_TresGrandNegatif_B_PositifNormal_C_NegatifNormal_ on testSolveA_TresGrandNegatif_B_PositifNormal_C_NegatifNormal_(dev.djob.id.QuadraticEquationSolverTest)" time="0.179"/>
  <testcase classname="dev.djob.id.QuadraticEquationSolverTest" name="testSolveA_TresGrandPositif_B_TresProcheDeZeroPositif_C_TresProcheDeZeroPositif_ on testSolveA_TresGrandPositif_B_TresProcheDeZeroPositif_C_TresProcheDeZeroPositif_(dev.djob.id.QuadraticEquationSolverTest)" time="0.18"/>
  <testcase classname="dev.djob.id.QuadraticEquationSolverTest" name="testSolveA_TresProcheDeZeroNegatif_B_Zero_C_ProcheDeZeroNegatif_ on testSolveA_TresProcheDeZeroNegatif_B_Zero_C_ProcheDeZeroNegatif_(dev.djob.id.QuadraticEquationSolverTest)" time="0.181"/>
  <testcase classname="dev.djob.id.QuadraticEquationSolverTest" name="testSolveA_ProcheDeZeroNegatif_B_NegatifNormal_C_TresProcheDeZeroPositif_ on testSolveA_ProcheDeZeroNegatif_B_NegatifNormal_C_TresProcheDeZeroPositif_(dev.djob.id.QuadraticEquationSolverTest)" time="0.182"/>
  <testcase classname="dev.djob.id.QuadraticEquationSolverTest" name="testSolveA_TresProcheDeZeroNegatif_B_TresProcheDeZeroNegatif_C_TresGrandPositif_ on testSolveA_TresProcheDeZeroNegatif_B_TresProcheDeZeroNegatif_C_TresGrandPositif_(dev.djob.id.QuadraticEquationSolverTest)" time="0.197"/>
  <testcase classname="dev.djob.id.QuadraticEquationSolverTest" name="testSolveA_TresGrandPositif_B_TresGrandPositif_C_NegatifNormal_ on testSolveA_TresGrandPositif_B_TresGrandPositif_C_NegatifNormal_(dev.djob.id.QuadraticEquationSolverTest)" time="0.198"/>
  <testcase classname="dev.djob.id.QuadraticEquationSolverTest" name="testSolveA_TresProcheDeZeroNegatif_B_TresGrandNegatif_C_NegatifNormal_ on testSolveA_TresProcheDeZeroNegatif_B_TresGrandNegatif_C_NegatifNormal_(dev.djob.id.QuadraticEquationSolverTest)" time="0.2"/>
  <testcase classname="dev.djob.id.QuadraticEquationSolverTest" name="testSolveA_TresGrandPositif_B_PositifNormal_C_TresGrandNegatif_ on testSolveA_TresGrandPositif_B_PositifNormal_C_TresGrandNegatif_(dev.djob.id.QuadraticEquationSolverTest)" time="0.202"/>
  <testcase classname="dev.djob.id.QuadraticEquationSolverTest" name="testSolveA_TresProcheDeZeroPositif_B_PositifNormal_C_ProcheDeZeroPositif_ on testSolveA_TresProcheDeZeroPositif_B_PositifNormal_C_ProcheDeZeroPositif_(dev.djob.id.QuadraticEquationSolverTest)" time="0.202"/>
  <testcase classname="dev.djob.id.QuadraticEquationSolverTest" name="testSolveA_ProcheDeZeroNegatif_B_PositifNormal_C_NegatifNormal_ on testSolveA_ProcheDeZeroNegatif_B_PositifNormal_C_NegatifNormal_(dev.djob.id.QuadraticEquationSolverTest)" time="0.204"/>
  <testcase classname="dev.djob.id.QuadraticEquationSolverTest" name="testSolveA_Zero_B_PositifNormal_C_TresProcheDeZeroNegatif_ on testSolveA_Zero_B_PositifNormal_C_TresProcheDeZeroNegatif_(dev.djob.id.QuadraticEquationSolverTest)" time="0.205"/>
  <testcase classname="dev.djob.id.QuadraticEquationSolverTest" name="testSolveA_PositifNormal_B_NegatifNormal_C_ProcheDeZeroNegatif_ on testSolveA_PositifNormal_B_NegatifNormal_C_ProcheDeZeroNegatif_(dev.djob.id.QuadraticEquationSolverTest)" time="0.206"/>
  <testcase classname="dev.djob.id.QuadraticEquationSolverTest" name="testSolveA_PositifNormal_B_Zero_C_PositifNormal_ on testSolveA_PositifNormal_B_Zero_C_PositifNormal_(dev.djob.id.QuadraticEquationSolverTest)" time="0.21"/>
  <testcase classname="dev.djob.id.QuadraticEquationSolverTest" name="testSolveA_TresProcheDeZeroPositif_B_TresGrandPositif_C_TresProcheDeZeroNegatif_ on testSolveA_TresProcheDeZeroPositif_B_TresGrandPositif_C_TresProcheDeZeroNegatif_(dev.djob.id.QuadraticEquationSolverTest)" time="0.213"/>
  <testcase classname="dev.djob.id.QuadraticEquationSolverTest" name="testSolveA_ProcheDeZeroPositif_B_Zero_C_TresProcheDeZeroPositif_ on testSolveA_ProcheDeZeroPositif_B_Zero_C_TresProcheDeZeroPositif_(dev.djob.id.QuadraticEquationSolverTest)" time="0.214"/>
  <testcase classname="dev.djob.id.QuadraticEquationSolverTest" name="testSolveA_NegatifNormal_B_TresProcheDeZeroPositif_C_NegatifNormal_ on testSolveA_NegatifNormal_B_TresProcheDeZeroPositif_C_NegatifNormal_(dev.djob.id.QuadraticEquationSolverTest)" time="0.215"/>
  <testcase classname="dev.djob.id.QuadraticEquationSolverTest" name="testSolveA_ProcheDeZeroPositif_B_TresGrandPositif_C_ProcheDeZeroNegatif_ on testSolveA_ProcheDeZeroPositif_B_TresGrandPositif_C_ProcheDeZeroNegatif_(dev.djob.id.QuadraticEquationSolverTest)" time="0.217"/>
  <testcase classname="dev.djob.id.QuadraticEquationSolverTest" name="testSolveA_TresProcheDeZeroPositif_B_TresProcheDeZeroPositif_C_ProcheDeZeroNegatif_ on testSolveA_TresProcheDeZeroPositif_B_TresProcheDeZeroPositif_C_ProcheDeZeroNegatif_(dev.djob.id.QuadraticEquationSolverTest)" time="0.217"/>
  <testcase classname="dev.djob.id.QuadraticEquationSolverTest" name="testSolveA_PositifNormal_B_NegatifNormal_C_PositifNormal_ on testSolveA_PositifNormal_B_NegatifNormal_C_PositifNormal_(dev.djob.id.QuadraticEquationSolverTest)" time="0.219"/>
  <testcase classname="dev.djob.id.QuadraticEquationSolverTest" name="testSolveA_TresGrandNegatif_B_ProcheDeZeroPositif_C_TresGrandPositif_ on testSolveA_TresGrandNegatif_B_ProcheDeZeroPositif_C_TresGrandPositif_(dev.djob.id.QuadraticEquationSolverTest)" time="0.221"/>
  <testcase classname="dev.djob.id.QuadraticEquationSolverTest" name="testSolveA_Zero_B_ProcheDeZeroPositif_C_ProcheDeZeroNegatif_ on testSolveA_Zero_B_ProcheDeZeroPositif_C_ProcheDeZeroNegatif_(dev.djob.id.QuadraticEquationSolverTest)" time="0.222"/>
  <testcase classname="dev.djob.id.QuadraticEquationSolverTest" name="testSolveA_ProcheDeZeroPositif_B_TresGrandPositif_C_TresProcheDeZeroPositif_ on testSolveA_ProcheDeZeroPositif_B_TresGrandPositif_C_TresProcheDeZeroPositif_(dev.djob.id.QuadraticEquationSolverTest)" time="0.225"/>
  <testcase classname="dev.djob.id.QuadraticEquationSolverTest" name="testSolveA_ProcheDeZeroNegatif_B_Zero_C_Zero_ on testSolveA_ProcheDeZeroNegatif_B_Zero_C_Zero_(dev.djob.id.QuadraticEquationSolverTest)" time="0.226"/>
  <testcase classname="dev.djob.id.QuadraticEquationSolverTest" name="testSolveA_ProcheDeZeroNegatif_B_TresProcheDeZeroNegatif_C_TresGrandNegatif_ on testSolveA_ProcheDeZeroNegatif_B_TresProcheDeZeroNegatif_C_TresGrandNegatif_(dev.djob.id.QuadraticEquationSolverTest)" time="0.227"/>
  <testcase classname="dev.djob.id.QuadraticEquationSolverTest" name="testSolveA_Zero_B_TresProcheDeZeroNegatif_C_Zero_ on testSolveA_Zero_B_TresProcheDeZeroNegatif_C_Zero_(dev.djob.id.QuadraticEquationSolverTest)" time="0.268"/>
  <testcase classname="dev.djob.id.QuadraticEquationSolverTest" name="testSolveA_NegatifNormal_B_ProcheDeZeroPositif_C_TresGrandNegatif_ on testSolveA_NegatifNormal_B_ProcheDeZeroPositif_C_TresGrandNegatif_(dev.djob.id.QuadraticEquationSolverTest)" time="0.272"/>
  <testcase classname="dev.djob.id.QuadraticEquationSolverTest" name="testSolveA_TresGrandPositif_B_Zero_C_TresProcheDeZeroNegatif_ on testSolveA_TresGrandPositif_B_Zero_C_TresProcheDeZeroNegatif_(dev.djob.id.QuadraticEquationSolverTest)" time="0.273"/>
  <testcase classname="dev.djob.id.QuadraticEquationSolverTest" name="testSolveA_TresProcheDeZeroPositif_B_TresProcheDeZeroPositif_C_TresGrandNegatif_ on testSolveA_TresProcheDeZeroPositif_B_TresProcheDeZeroPositif_C_TresGrandNegatif_(dev.djob.id.QuadraticEquationSolverTest)" time="0.273"/>
  <testcase classname="dev.djob.id.QuadraticEquationSolverTest" name="testSolveA_TresProcheDeZeroPositif_B_NegatifNormal_C_Zero_ on testSolveA_TresProcheDeZeroPositif_B_NegatifNormal_C_Zero_(dev.djob.id.QuadraticEquationSolverTest)" time="0.275"/>
  <testcase classname="dev.djob.id.QuadraticEquationSolverTest" name="testSolveA_PositifNormal_B_PositifNormal_C_Zero_ on testSolveA_PositifNormal_B_PositifNormal_C_Zero_(dev.djob.id.QuadraticEquationSolverTest)" time="0.277"/>
  <testcase classname="dev.djob.id.QuadraticEquationSolverTest" name="testSolveA_PositifNormal_B_Zero_C_TresGrandPositif_ on testSolveA_PositifNormal_B_Zero_C_TresGrandPositif_(dev.djob.id.QuadraticEquationSolverTest)" time="0.292"/>
  <testcase classname="dev.djob.id.QuadraticEquationSolverTest" name="testSolveA_Zero_B_Zero_C_TresGrandNegatif_ on testSolveA_Zero_B_Zero_C_TresGrandNegatif_(dev.djob.id.QuadraticEquationSolverTest)" time="0.294"/>
  <testcase classname="dev.djob.id.QuadraticEquationSolverTest" name="testSolveA_TresGrandNegatif_B_NegatifNormal_C_TresGrandNegatif_ on testSolveA_TresGrandNegatif_B_NegatifNormal_C_TresGrandNegatif_(dev.djob.id.QuadraticEquationSolverTest)" time="0.296"/>
  <testcase classname="dev.djob.id.QuadraticEquationSolverTest" name="testSolveA_TresProcheDeZeroNegatif_B_PositifNormal_C_TresProcheDeZeroPositif_ on testSolveA_TresProcheDeZeroNegatif_B_PositifNormal_C_TresProcheDeZeroPositif_(dev.djob.id.QuadraticEquationSolverTest)" time="0.297"/>
  <testcase classname="dev.djob.id.QuadraticEquationSolverTest" name="testSolveA_ProcheDeZeroPositif_B_ProcheDeZeroNegatif_C_TresProcheDeZeroNegatif_ on testSolveA_ProcheDeZeroPositif_B_ProcheDeZeroNegatif_C_TresProcheDeZeroNegatif_(dev.djob.id.QuadraticEquationSolverTest)" time="0.299"/>
  <testcase classname="dev.djob.id.QuadraticEquationSolverTest" name="testSolveA_TresProcheDeZeroPositif_B_Zero_C_ProcheDeZeroPositif_ on testSolveA_TresProcheDeZeroPositif_B_Zero_C_ProcheDeZeroPositif_(dev.djob.id.QuadraticEquationSolverTest)" time="0.299"/>
  <testcase classname="dev.djob.id.QuadraticEquationSolverTest" name="testSolveA_TresGrandPositif_B_TresGrandNegatif_C_ProcheDeZeroNegatif_ on testSolveA_TresGrandPositif_B_TresGrandNegatif_C_ProcheDeZeroNegatif_(dev.djob.id.QuadraticEquationSolverTest)" time="0.301"/>
  <testcase classname="dev.djob.id.QuadraticEquationSolverTest" name="testSolveA_TresProcheDeZeroNegatif_B_TresGrandPositif_C_Zero_ on testSolveA_TresProcheDeZeroNegatif_B_TresGrandPositif_C_Zero_(dev.djob.id.QuadraticEquationSolverTest)" time="0.301"/>
  <testcase classname="dev.djob.id.QuadraticEquationSolverTest" name="testSolveA_ProcheDeZeroPositif_B_PositifNormal_C_TresGrandPositif_ on testSolveA_ProcheDeZeroPositif_B_PositifNormal_C_TresGrandPositif_(dev.djob.id.QuadraticEquationSolverTest)" time="0.302"/>
  <testcase classname="dev.djob.id.QuadraticEquationSolverTest" name="testSolveA_Zero_B_ProcheDeZeroNegatif_C_ProcheDeZeroPositif_ on testSolveA_Zero_B_ProcheDeZeroNegatif_C_ProcheDeZeroPositif_(dev.djob.id.QuadraticEquationSolverTest)" time="0.303"/>
  <testcase classname="dev.djob.id.QuadraticEquationSolverTest" name="testSolveA_TresProcheDeZeroPositif_B_PositifNormal_C_PositifNormal_ on testSolveA_TresProcheDeZeroPositif_B_PositifNormal_C_PositifNormal_(dev.djob.id.QuadraticEquationSolverTest)" time="0.304"/>
  <testcase classname="dev.djob.id.QuadraticEquationSolverTest" name="testSolveA_PositifNormal_B_ProcheDeZeroPositif_C_Zero_ on testSolveA_PositifNormal_B_ProcheDeZeroPositif_C_Zero_(dev.djob.id.QuadraticEquationSolverTest)" time="0.307"/>
  <testcase classname="dev.djob.id.QuadraticEquationSolverTest" name="testSolveA_NegatifNormal_B_TresGrandNegatif_C_Zero_ on testSolveA_NegatifNormal_B_TresGrandNegatif_C_Zero_(dev.djob.id.QuadraticEquationSolverTest)" time="0.308"/>
  <testcase classname="dev.djob.id.QuadraticEquationSolverTest" name="testSolveA_PositifNormal_B_TresGrandPositif_C_TresGrandNegatif_ on testSolveA_PositifNormal_B_TresGrandPositif_C_TresGrandNegatif_(dev.djob.id.QuadraticEquationSolverTest)" time="0.309"/>
  <testcase classname="dev.djob.id.QuadraticEquationSolverTest" name="testSolveA_TresProcheDeZeroNegatif_B_ProcheDeZeroNegatif_C_TresGrandNegatif_ on testSolveA_TresProcheDeZeroNegatif_B_ProcheDeZeroNegatif_C_TresGrandNegatif_(dev.djob.id.QuadraticEquationSolverTest)" time="0.309"/>
  <testcase classname="dev.djob.id.QuadraticEquationSolverTest" name="testSolveA_NegatifNormal_B_PositifNormal_C_ProcheDeZeroNegatif_ on testSolveA_NegatifNormal_B_PositifNormal_C_ProcheDeZeroNegatif_(dev.djob.id.QuadraticEquationSolverTest)" time="0.31"/>
  <testcase classname="dev.djob.id.QuadraticEquationSolverTest" name="testSolveA_TresGrandNegatif_B_TresProcheDeZeroNegatif_C_ProcheDeZeroNegatif_ on testSolveA_TresGrandNegatif_B_TresProcheDeZeroNegatif_C_ProcheDeZeroNegatif_(dev.djob.id.QuadraticEquationSolverTest)" time="0.31"/>
  <testcase classname="dev.djob.id.QuadraticEquationSolverTest" name="testSolveA_ProcheDeZeroNegatif_B_TresGrandPositif_C_ProcheDeZeroPositif_ on testSolveA_ProcheDeZeroNegatif_B_TresGrandPositif_C_ProcheDeZeroPositif_(dev.djob.id.QuadraticEquationSolverTest)" time="0.311"/>
  <testcase classname="dev.djob.id.QuadraticEquationSolverTest" name="testSolveA_TresProcheDeZeroNegatif_B_NegatifNormal_C_ProcheDeZeroPositif_ on testSolveA_TresProcheDeZeroNegatif_B_NegatifNormal_C_ProcheDeZeroPositif_(dev.djob.id.QuadraticEquationSolverTest)" time="0.311"/>
</testsuite> <!-- Surefire test -->
