<?xml version="1.0" encoding="UTF-8"?>
<testng-results ignored="0" total="1" passed="1" failed="0" skipped="0">
  <reporter-output>
  </reporter-output>
  <suite started-at="2024-01-25T13:43:44 WAT" name="Surefire suite" finished-at="2024-01-25T13:44:03 WAT" duration-ms="18997">
    <groups>
    </groups>
    <test started-at="2024-01-25T13:43:44 WAT" name="Surefire test" finished-at="2024-01-25T13:44:03 WAT" duration-ms="18997">
      <class name="dev.djob.id.TestSolver">
        <test-method signature="buildTestSolver()[pri:0, instance:dev.djob.id.TestSolver@33afa13b]" started-at="2024-01-25T13:43:44 WAT" name="buildTestSolver" finished-at="2024-01-25T13:44:03 WAT" duration-ms="18947" status="PASS">
          <reporter-output>
          </reporter-output>
        </test-method> <!-- buildTestSolver -->
      </class> <!-- dev.djob.id.TestSolver -->
    </test> <!-- Surefire test -->
  </suite> <!-- Surefire suite -->
</testng-results>
