<?xml version="1.0" encoding="UTF-8"?>
<!-- Generated by org.testng.reporters.JUnitXMLReporter -->
<testsuite ignored="0" hostname="DESKTOP-79L1OC3" failures="0" tests="92" name="Surefire test" time="0.511" errors="0" timestamp="2024-01-25T13:44:04 WAT">
  <testcase classname="dev.djob.id.AppTest" name="shouldAnswerWithTrue on shouldAnswerWithTrue(dev.djob.id.AppTest)" time="0.005"/>
  <testcase classname="dev.djob.id.QuadraticEquationSolverTest" name="testSolveA_TresGrandNegatif_B_ProcheDeZeroNegatif_C_TresProcheDeZeroPositif_ on testSolveA_TresGrandNegatif_B_ProcheDeZeroNegatif_C_TresProcheDeZeroPositif_(dev.djob.id.QuadraticEquationSolverTest)" time="0.016"/>
  <testcase classname="dev.djob.id.QuadraticEquationSolverTest" name="testSolveA_ProcheDeZeroPositif_B_TresGrandPositif_C_PositifNormal_ on testSolveA_ProcheDeZeroPositif_B_TresGrandPositif_C_PositifNormal_(dev.djob.id.QuadraticEquationSolverTest)" time="0.017"/>
  <testcase classname="dev.djob.id.QuadraticEquationSolverTest" name="testSolveA_ProcheDeZeroNegatif_B_ProcheDeZeroPositif_C_TresProcheDeZeroNegatif_ on testSolveA_ProcheDeZeroNegatif_B_ProcheDeZeroPositif_C_TresProcheDeZeroNegatif_(dev.djob.id.QuadraticEquationSolverTest)" time="0.017"/>
  <testcase classname="dev.djob.id.QuadraticEquationSolverTest" name="testSolveA_TresGrandNegatif_B_TresProcheDeZeroPositif_C_TresProcheDeZeroNegatif_ on testSolveA_TresGrandNegatif_B_TresProcheDeZeroPositif_C_TresProcheDeZeroNegatif_(dev.djob.id.QuadraticEquationSolverTest)" time="0.018"/>
  <testcase classname="dev.djob.id.QuadraticEquationSolverTest" name="testSolveA_TresGrandPositif_B_TresGrandNegatif_C_PositifNormal_ on testSolveA_TresGrandPositif_B_TresGrandNegatif_C_PositifNormal_(dev.djob.id.QuadraticEquationSolverTest)" time="0.02"/>
  <testcase classname="dev.djob.id.QuadraticEquationSolverTest" name="testSolveA_NegatifNormal_B_TresGrandPositif_C_ProcheDeZeroPositif_ on testSolveA_NegatifNormal_B_TresGrandPositif_C_ProcheDeZeroPositif_(dev.djob.id.QuadraticEquationSolverTest)" time="0.021"/>
  <testcase classname="dev.djob.id.QuadraticEquationSolverTest" name="testSolveA_NegatifNormal_B_Zero_C_NegatifNormal_ on testSolveA_NegatifNormal_B_Zero_C_NegatifNormal_(dev.djob.id.QuadraticEquationSolverTest)" time="0.022"/>
  <testcase classname="dev.djob.id.QuadraticEquationSolverTest" name="testSolveA_TresGrandNegatif_B_Zero_C_PositifNormal_ on testSolveA_TresGrandNegatif_B_Zero_C_PositifNormal_(dev.djob.id.QuadraticEquationSolverTest)" time="0.023"/>
  <testcase classname="dev.djob.id.QuadraticEquationSolverTest" name="testSolveA_ProcheDeZeroPositif_B_TresGrandNegatif_C_TresGrandNegatif_ on testSolveA_ProcheDeZeroPositif_B_TresGrandNegatif_C_TresGrandNegatif_(dev.djob.id.QuadraticEquationSolverTest)" time="0.023"/>
  <testcase classname="dev.djob.id.QuadraticEquationSolverTest" name="testSolveA_PositifNormal_B_TresProcheDeZeroPositif_C_ProcheDeZeroPositif_ on testSolveA_PositifNormal_B_TresProcheDeZeroPositif_C_ProcheDeZeroPositif_(dev.djob.id.QuadraticEquationSolverTest)" time="0.024"/>
  <testcase classname="dev.djob.id.QuadraticEquationSolverTest" name="testSolveA_TresProcheDeZeroNegatif_B_TresProcheDeZeroPositif_C_TresGrandPositif_ on testSolveA_TresProcheDeZeroNegatif_B_TresProcheDeZeroPositif_C_TresGrandPositif_(dev.djob.id.QuadraticEquationSolverTest)" time="0.025"/>
  <testcase classname="dev.djob.id.QuadraticEquationSolverTest" name="testSolveA_ProcheDeZeroPositif_B_ProcheDeZeroNegatif_C_ProcheDeZeroNegatif_ on testSolveA_ProcheDeZeroPositif_B_ProcheDeZeroNegatif_C_ProcheDeZeroNegatif_(dev.djob.id.QuadraticEquationSolverTest)" time="0.026"/>
  <testcase classname="dev.djob.id.QuadraticEquationSolverTest" name="testSolveA_NegatifNormal_B_Zero_C_TresGrandPositif_ on testSolveA_NegatifNormal_B_Zero_C_TresGrandPositif_(dev.djob.id.QuadraticEquationSolverTest)" time="0.026"/>
  <testcase classname="dev.djob.id.QuadraticEquationSolverTest" name="testSolveA_NegatifNormal_B_TresProcheDeZeroNegatif_C_PositifNormal_ on testSolveA_NegatifNormal_B_TresProcheDeZeroNegatif_C_PositifNormal_(dev.djob.id.QuadraticEquationSolverTest)" time="0.027"/>
  <testcase classname="dev.djob.id.QuadraticEquationSolverTest" name="testSolveA_TresProcheDeZeroPositif_B_TresProcheDeZeroNegatif_C_NegatifNormal_ on testSolveA_TresProcheDeZeroPositif_B_TresProcheDeZeroNegatif_C_NegatifNormal_(dev.djob.id.QuadraticEquationSolverTest)" time="0.027"/>
  <testcase classname="dev.djob.id.QuadraticEquationSolverTest" name="testSolveA_PositifNormal_B_ProcheDeZeroNegatif_C_NegatifNormal_ on testSolveA_PositifNormal_B_ProcheDeZeroNegatif_C_NegatifNormal_(dev.djob.id.QuadraticEquationSolverTest)" time="0.029"/>
  <testcase classname="dev.djob.id.QuadraticEquationSolverTest" name="testSolveA_TresGrandNegatif_B_TresGrandPositif_C_Zero_ on testSolveA_TresGrandNegatif_B_TresGrandPositif_C_Zero_(dev.djob.id.QuadraticEquationSolverTest)" time="0.03"/>
  <testcase classname="dev.djob.id.QuadraticEquationSolverTest" name="testSolveA_TresProcheDeZeroPositif_B_TresGrandNegatif_C_TresProcheDeZeroNegatif_ on testSolveA_TresProcheDeZeroPositif_B_TresGrandNegatif_C_TresProcheDeZeroNegatif_(dev.djob.id.QuadraticEquationSolverTest)" time="0.031"/>
  <testcase classname="dev.djob.id.QuadraticEquationSolverTest" name="testSolveA_TresProcheDeZeroNegatif_B_ProcheDeZeroPositif_C_TresProcheDeZeroNegatif_ on testSolveA_TresProcheDeZeroNegatif_B_ProcheDeZeroPositif_C_TresProcheDeZeroNegatif_(dev.djob.id.QuadraticEquationSolverTest)" time="0.031"/>
  <testcase classname="dev.djob.id.QuadraticEquationSolverTest" name="testSolveA_ProcheDeZeroNegatif_B_ProcheDeZeroNegatif_C_PositifNormal_ on testSolveA_ProcheDeZeroNegatif_B_ProcheDeZeroNegatif_C_PositifNormal_(dev.djob.id.QuadraticEquationSolverTest)" time="0.032"/>
  <testcase classname="dev.djob.id.QuadraticEquationSolverTest" name="testSolveA_TresGrandPositif_B_ProcheDeZeroPositif_C_ProcheDeZeroPositif_ on testSolveA_TresGrandPositif_B_ProcheDeZeroPositif_C_ProcheDeZeroPositif_(dev.djob.id.QuadraticEquationSolverTest)" time="0.033"/>
  <testcase classname="dev.djob.id.QuadraticEquationSolverTest" name="testSolveA_TresGrandPositif_B_NegatifNormal_C_TresGrandPositif_ on testSolveA_TresGrandPositif_B_NegatifNormal_C_TresGrandPositif_(dev.djob.id.QuadraticEquationSolverTest)" time="0.034"/>
  <testcase classname="dev.djob.id.QuadraticEquationSolverTest" name="testSolveA_Zero_B_TresProcheDeZeroPositif_C_PositifNormal_ on testSolveA_Zero_B_TresProcheDeZeroPositif_C_PositifNormal_(dev.djob.id.QuadraticEquationSolverTest)" time="0.035"/>
  <testcase classname="dev.djob.id.QuadraticEquationSolverTest" name="testSolveA_TresGrandPositif_B_TresProcheDeZeroNegatif_C_ProcheDeZeroPositif_ on testSolveA_TresGrandPositif_B_TresProcheDeZeroNegatif_C_ProcheDeZeroPositif_(dev.djob.id.QuadraticEquationSolverTest)" time="0.036"/>
  <testcase classname="dev.djob.id.QuadraticEquationSolverTest" name="testSolveA_TresGrandPositif_B_ProcheDeZeroNegatif_C_Zero_ on testSolveA_TresGrandPositif_B_ProcheDeZeroNegatif_C_Zero_(dev.djob.id.QuadraticEquationSolverTest)" time="0.036"/>
  <testcase classname="dev.djob.id.QuadraticEquationSolverTest" name="testSolveA_ProcheDeZeroNegatif_B_TresProcheDeZeroPositif_C_ProcheDeZeroNegatif_ on testSolveA_ProcheDeZeroNegatif_B_TresProcheDeZeroPositif_C_ProcheDeZeroNegatif_(dev.djob.id.QuadraticEquationSolverTest)" time="0.037"/>
  <testcase classname="dev.djob.id.QuadraticEquationSolverTest" name="testSolveA_NegatifNormal_B_ProcheDeZeroNegatif_C_TresProcheDeZeroPositif_ on testSolveA_NegatifNormal_B_ProcheDeZeroNegatif_C_TresProcheDeZeroPositif_(dev.djob.id.QuadraticEquationSolverTest)" time="0.038"/>
  <testcase classname="dev.djob.id.QuadraticEquationSolverTest" name="testSolveA_ProcheDeZeroPositif_B_NegatifNormal_C_ProcheDeZeroPositif_ on testSolveA_ProcheDeZeroPositif_B_NegatifNormal_C_ProcheDeZeroPositif_(dev.djob.id.QuadraticEquationSolverTest)" time="0.039"/>
  <testcase classname="dev.djob.id.QuadraticEquationSolverTest" name="testSolveA_Zero_B_TresGrandPositif_C_TresGrandPositif_ on testSolveA_Zero_B_TresGrandPositif_C_TresGrandPositif_(dev.djob.id.QuadraticEquationSolverTest)" time="0.041"/>
  <testcase classname="dev.djob.id.QuadraticEquationSolverTest" name="testSolveA_ProcheDeZeroNegatif_B_TresGrandNegatif_C_TresGrandPositif_ on testSolveA_ProcheDeZeroNegatif_B_TresGrandNegatif_C_TresGrandPositif_(dev.djob.id.QuadraticEquationSolverTest)" time="0.042"/>
  <testcase classname="dev.djob.id.QuadraticEquationSolverTest" name="testSolveA_Zero_B_NegatifNormal_C_NegatifNormal_ on testSolveA_Zero_B_NegatifNormal_C_NegatifNormal_(dev.djob.id.QuadraticEquationSolverTest)" time="0.042"/>
  <testcase classname="dev.djob.id.QuadraticEquationSolverTest" name="testSolveA_PositifNormal_B_TresGrandNegatif_C_TresProcheDeZeroNegatif_ on testSolveA_PositifNormal_B_TresGrandNegatif_C_TresProcheDeZeroNegatif_(dev.djob.id.QuadraticEquationSolverTest)" time="0.043"/>
  <testcase classname="dev.djob.id.QuadraticEquationSolverTest" name="testSolveA_TresGrandNegatif_B_TresGrandNegatif_C_ProcheDeZeroPositif_ on testSolveA_TresGrandNegatif_B_TresGrandNegatif_C_ProcheDeZeroPositif_(dev.djob.id.QuadraticEquationSolverTest)" time="0.045"/>
  <testcase classname="dev.djob.id.QuadraticEquationSolverTest" name="testSolveA_ProcheDeZeroPositif_B_TresProcheDeZeroNegatif_C_TresProcheDeZeroNegatif_ on testSolveA_ProcheDeZeroPositif_B_TresProcheDeZeroNegatif_C_TresProcheDeZeroNegatif_(dev.djob.id.QuadraticEquationSolverTest)" time="0.047"/>
  <testcase classname="dev.djob.id.QuadraticEquationSolverTest" name="testSolveA_TresProcheDeZeroNegatif_B_ProcheDeZeroPositif_C_PositifNormal_ on testSolveA_TresProcheDeZeroNegatif_B_ProcheDeZeroPositif_C_PositifNormal_(dev.djob.id.QuadraticEquationSolverTest)" time="0.049"/>
  <testcase classname="dev.djob.id.QuadraticEquationSolverTest" name="testSolveA_NegatifNormal_B_NegatifNormal_C_TresProcheDeZeroNegatif_ on testSolveA_NegatifNormal_B_NegatifNormal_C_TresProcheDeZeroNegatif_(dev.djob.id.QuadraticEquationSolverTest)" time="0.05"/>
  <testcase classname="dev.djob.id.QuadraticEquationSolverTest" name="testSolveA_Zero_B_TresGrandNegatif_C_TresProcheDeZeroPositif_ on testSolveA_Zero_B_TresGrandNegatif_C_TresProcheDeZeroPositif_(dev.djob.id.QuadraticEquationSolverTest)" time="0.052"/>
  <testcase classname="dev.djob.id.QuadraticEquationSolverTest" name="testSolveA_ProcheDeZeroPositif_B_TresProcheDeZeroPositif_C_Zero_ on testSolveA_ProcheDeZeroPositif_B_TresProcheDeZeroPositif_C_Zero_(dev.djob.id.QuadraticEquationSolverTest)" time="0.052"/>
  <testcase classname="dev.djob.id.QuadraticEquationSolverTest" name="testSolveA_TresProcheDeZeroPositif_B_ProcheDeZeroPositif_C_TresProcheDeZeroPositif_ on testSolveA_TresProcheDeZeroPositif_B_ProcheDeZeroPositif_C_TresProcheDeZeroPositif_(dev.djob.id.QuadraticEquationSolverTest)" time="0.053"/>
  <testcase classname="dev.djob.id.QuadraticEquationSolverTest" name="testSolveA_PositifNormal_B_TresProcheDeZeroNegatif_C_TresProcheDeZeroPositif_ on testSolveA_PositifNormal_B_TresProcheDeZeroNegatif_C_TresProcheDeZeroPositif_(dev.djob.id.QuadraticEquationSolverTest)" time="0.055"/>
  <testcase classname="dev.djob.id.QuadraticEquationSolverTest" name="testSolveA_ProcheDeZeroPositif_B_ProcheDeZeroPositif_C_NegatifNormal_ on testSolveA_ProcheDeZeroPositif_B_ProcheDeZeroPositif_C_NegatifNormal_(dev.djob.id.QuadraticEquationSolverTest)" time="0.056"/>
  <testcase classname="dev.djob.id.QuadraticEquationSolverTest" name="testSolveA_TresProcheDeZeroPositif_B_ProcheDeZeroNegatif_C_TresGrandPositif_ on testSolveA_TresProcheDeZeroPositif_B_ProcheDeZeroNegatif_C_TresGrandPositif_(dev.djob.id.QuadraticEquationSolverTest)" time="0.057"/>
  <testcase classname="dev.djob.id.QuadraticEquationSolverTest" name="testSolveA_TresGrandNegatif_B_PositifNormal_C_NegatifNormal_ on testSolveA_TresGrandNegatif_B_PositifNormal_C_NegatifNormal_(dev.djob.id.QuadraticEquationSolverTest)" time="0.058"/>
  <testcase classname="dev.djob.id.QuadraticEquationSolverTest" name="testSolveA_TresGrandPositif_B_TresProcheDeZeroPositif_C_TresProcheDeZeroPositif_ on testSolveA_TresGrandPositif_B_TresProcheDeZeroPositif_C_TresProcheDeZeroPositif_(dev.djob.id.QuadraticEquationSolverTest)" time="0.059"/>
  <testcase classname="dev.djob.id.QuadraticEquationSolverTest" name="testSolveA_TresProcheDeZeroNegatif_B_Zero_C_ProcheDeZeroNegatif_ on testSolveA_TresProcheDeZeroNegatif_B_Zero_C_ProcheDeZeroNegatif_(dev.djob.id.QuadraticEquationSolverTest)" time="0.06"/>
  <testcase classname="dev.djob.id.QuadraticEquationSolverTest" name="testSolveA_ProcheDeZeroNegatif_B_NegatifNormal_C_TresProcheDeZeroPositif_ on testSolveA_ProcheDeZeroNegatif_B_NegatifNormal_C_TresProcheDeZeroPositif_(dev.djob.id.QuadraticEquationSolverTest)" time="0.061"/>
  <testcase classname="dev.djob.id.QuadraticEquationSolverTest" name="testSolveA_TresProcheDeZeroNegatif_B_TresProcheDeZeroNegatif_C_TresGrandPositif_ on testSolveA_TresProcheDeZeroNegatif_B_TresProcheDeZeroNegatif_C_TresGrandPositif_(dev.djob.id.QuadraticEquationSolverTest)" time="0.062"/>
  <testcase classname="dev.djob.id.QuadraticEquationSolverTest" name="testSolveA_TresGrandPositif_B_TresGrandPositif_C_NegatifNormal_ on testSolveA_TresGrandPositif_B_TresGrandPositif_C_NegatifNormal_(dev.djob.id.QuadraticEquationSolverTest)" time="0.064"/>
  <testcase classname="dev.djob.id.QuadraticEquationSolverTest" name="testSolveA_TresProcheDeZeroNegatif_B_TresGrandNegatif_C_NegatifNormal_ on testSolveA_TresProcheDeZeroNegatif_B_TresGrandNegatif_C_NegatifNormal_(dev.djob.id.QuadraticEquationSolverTest)" time="0.066"/>
  <testcase classname="dev.djob.id.QuadraticEquationSolverTest" name="testSolveA_TresGrandPositif_B_PositifNormal_C_TresGrandNegatif_ on testSolveA_TresGrandPositif_B_PositifNormal_C_TresGrandNegatif_(dev.djob.id.QuadraticEquationSolverTest)" time="0.066"/>
  <testcase classname="dev.djob.id.QuadraticEquationSolverTest" name="testSolveA_TresProcheDeZeroPositif_B_PositifNormal_C_ProcheDeZeroPositif_ on testSolveA_TresProcheDeZeroPositif_B_PositifNormal_C_ProcheDeZeroPositif_(dev.djob.id.QuadraticEquationSolverTest)" time="0.067"/>
  <testcase classname="dev.djob.id.QuadraticEquationSolverTest" name="testSolveA_ProcheDeZeroNegatif_B_PositifNormal_C_NegatifNormal_ on testSolveA_ProcheDeZeroNegatif_B_PositifNormal_C_NegatifNormal_(dev.djob.id.QuadraticEquationSolverTest)" time="0.068"/>
  <testcase classname="dev.djob.id.QuadraticEquationSolverTest" name="testSolveA_Zero_B_PositifNormal_C_TresProcheDeZeroNegatif_ on testSolveA_Zero_B_PositifNormal_C_TresProcheDeZeroNegatif_(dev.djob.id.QuadraticEquationSolverTest)" time="0.069"/>
  <testcase classname="dev.djob.id.QuadraticEquationSolverTest" name="testSolveA_PositifNormal_B_NegatifNormal_C_ProcheDeZeroNegatif_ on testSolveA_PositifNormal_B_NegatifNormal_C_ProcheDeZeroNegatif_(dev.djob.id.QuadraticEquationSolverTest)" time="0.069"/>
  <testcase classname="dev.djob.id.QuadraticEquationSolverTest" name="testSolveA_PositifNormal_B_Zero_C_PositifNormal_ on testSolveA_PositifNormal_B_Zero_C_PositifNormal_(dev.djob.id.QuadraticEquationSolverTest)" time="0.07"/>
  <testcase classname="dev.djob.id.QuadraticEquationSolverTest" name="testSolveA_TresProcheDeZeroPositif_B_TresGrandPositif_C_TresProcheDeZeroNegatif_ on testSolveA_TresProcheDeZeroPositif_B_TresGrandPositif_C_TresProcheDeZeroNegatif_(dev.djob.id.QuadraticEquationSolverTest)" time="0.071"/>
  <testcase classname="dev.djob.id.QuadraticEquationSolverTest" name="testSolveA_ProcheDeZeroPositif_B_Zero_C_TresProcheDeZeroPositif_ on testSolveA_ProcheDeZeroPositif_B_Zero_C_TresProcheDeZeroPositif_(dev.djob.id.QuadraticEquationSolverTest)" time="0.071"/>
  <testcase classname="dev.djob.id.QuadraticEquationSolverTest" name="testSolveA_NegatifNormal_B_TresProcheDeZeroPositif_C_NegatifNormal_ on testSolveA_NegatifNormal_B_TresProcheDeZeroPositif_C_NegatifNormal_(dev.djob.id.QuadraticEquationSolverTest)" time="0.072"/>
  <testcase classname="dev.djob.id.QuadraticEquationSolverTest" name="testSolveA_ProcheDeZeroPositif_B_TresGrandPositif_C_ProcheDeZeroNegatif_ on testSolveA_ProcheDeZeroPositif_B_TresGrandPositif_C_ProcheDeZeroNegatif_(dev.djob.id.QuadraticEquationSolverTest)" time="0.073"/>
  <testcase classname="dev.djob.id.QuadraticEquationSolverTest" name="testSolveA_TresProcheDeZeroPositif_B_TresProcheDeZeroPositif_C_ProcheDeZeroNegatif_ on testSolveA_TresProcheDeZeroPositif_B_TresProcheDeZeroPositif_C_ProcheDeZeroNegatif_(dev.djob.id.QuadraticEquationSolverTest)" time="0.074"/>
  <testcase classname="dev.djob.id.QuadraticEquationSolverTest" name="testSolveA_PositifNormal_B_NegatifNormal_C_PositifNormal_ on testSolveA_PositifNormal_B_NegatifNormal_C_PositifNormal_(dev.djob.id.QuadraticEquationSolverTest)" time="0.074"/>
  <testcase classname="dev.djob.id.QuadraticEquationSolverTest" name="testSolveA_TresGrandNegatif_B_ProcheDeZeroPositif_C_TresGrandPositif_ on testSolveA_TresGrandNegatif_B_ProcheDeZeroPositif_C_TresGrandPositif_(dev.djob.id.QuadraticEquationSolverTest)" time="0.076"/>
  <testcase classname="dev.djob.id.QuadraticEquationSolverTest" name="testSolveA_Zero_B_ProcheDeZeroPositif_C_ProcheDeZeroNegatif_ on testSolveA_Zero_B_ProcheDeZeroPositif_C_ProcheDeZeroNegatif_(dev.djob.id.QuadraticEquationSolverTest)" time="0.076"/>
  <testcase classname="dev.djob.id.QuadraticEquationSolverTest" name="testSolveA_ProcheDeZeroPositif_B_TresGrandPositif_C_TresProcheDeZeroPositif_ on testSolveA_ProcheDeZeroPositif_B_TresGrandPositif_C_TresProcheDeZeroPositif_(dev.djob.id.QuadraticEquationSolverTest)" time="0.078"/>
  <testcase classname="dev.djob.id.QuadraticEquationSolverTest" name="testSolveA_ProcheDeZeroNegatif_B_Zero_C_Zero_ on testSolveA_ProcheDeZeroNegatif_B_Zero_C_Zero_(dev.djob.id.QuadraticEquationSolverTest)" time="0.078"/>
  <testcase classname="dev.djob.id.QuadraticEquationSolverTest" name="testSolveA_ProcheDeZeroNegatif_B_TresProcheDeZeroNegatif_C_TresGrandNegatif_ on testSolveA_ProcheDeZeroNegatif_B_TresProcheDeZeroNegatif_C_TresGrandNegatif_(dev.djob.id.QuadraticEquationSolverTest)" time="0.079"/>
  <testcase classname="dev.djob.id.QuadraticEquationSolverTest" name="testSolveA_Zero_B_TresProcheDeZeroNegatif_C_Zero_ on testSolveA_Zero_B_TresProcheDeZeroNegatif_C_Zero_(dev.djob.id.QuadraticEquationSolverTest)" time="0.08"/>
  <testcase classname="dev.djob.id.QuadraticEquationSolverTest" name="testSolveA_NegatifNormal_B_ProcheDeZeroPositif_C_TresGrandNegatif_ on testSolveA_NegatifNormal_B_ProcheDeZeroPositif_C_TresGrandNegatif_(dev.djob.id.QuadraticEquationSolverTest)" time="0.08"/>
  <testcase classname="dev.djob.id.QuadraticEquationSolverTest" name="testSolveA_TresGrandPositif_B_Zero_C_TresProcheDeZeroNegatif_ on testSolveA_TresGrandPositif_B_Zero_C_TresProcheDeZeroNegatif_(dev.djob.id.QuadraticEquationSolverTest)" time="0.081"/>
  <testcase classname="dev.djob.id.QuadraticEquationSolverTest" name="testSolveA_TresProcheDeZeroPositif_B_TresProcheDeZeroPositif_C_TresGrandNegatif_ on testSolveA_TresProcheDeZeroPositif_B_TresProcheDeZeroPositif_C_TresGrandNegatif_(dev.djob.id.QuadraticEquationSolverTest)" time="0.082"/>
  <testcase classname="dev.djob.id.QuadraticEquationSolverTest" name="testSolveA_TresProcheDeZeroPositif_B_NegatifNormal_C_Zero_ on testSolveA_TresProcheDeZeroPositif_B_NegatifNormal_C_Zero_(dev.djob.id.QuadraticEquationSolverTest)" time="0.083"/>
  <testcase classname="dev.djob.id.QuadraticEquationSolverTest" name="testSolveA_PositifNormal_B_PositifNormal_C_Zero_ on testSolveA_PositifNormal_B_PositifNormal_C_Zero_(dev.djob.id.QuadraticEquationSolverTest)" time="0.085"/>
  <testcase classname="dev.djob.id.QuadraticEquationSolverTest" name="testSolveA_PositifNormal_B_Zero_C_TresGrandPositif_ on testSolveA_PositifNormal_B_Zero_C_TresGrandPositif_(dev.djob.id.QuadraticEquationSolverTest)" time="0.086"/>
  <testcase classname="dev.djob.id.QuadraticEquationSolverTest" name="testSolveA_Zero_B_Zero_C_TresGrandNegatif_ on testSolveA_Zero_B_Zero_C_TresGrandNegatif_(dev.djob.id.QuadraticEquationSolverTest)" time="0.087"/>
  <testcase classname="dev.djob.id.QuadraticEquationSolverTest" name="testSolveA_TresGrandNegatif_B_NegatifNormal_C_TresGrandNegatif_ on testSolveA_TresGrandNegatif_B_NegatifNormal_C_TresGrandNegatif_(dev.djob.id.QuadraticEquationSolverTest)" time="0.088"/>
  <testcase classname="dev.djob.id.QuadraticEquationSolverTest" name="testSolveA_TresProcheDeZeroNegatif_B_PositifNormal_C_TresProcheDeZeroPositif_ on testSolveA_TresProcheDeZeroNegatif_B_PositifNormal_C_TresProcheDeZeroPositif_(dev.djob.id.QuadraticEquationSolverTest)" time="0.088"/>
  <testcase classname="dev.djob.id.QuadraticEquationSolverTest" name="testSolveA_ProcheDeZeroPositif_B_ProcheDeZeroNegatif_C_TresProcheDeZeroNegatif_ on testSolveA_ProcheDeZeroPositif_B_ProcheDeZeroNegatif_C_TresProcheDeZeroNegatif_(dev.djob.id.QuadraticEquationSolverTest)" time="0.088"/>
  <testcase classname="dev.djob.id.QuadraticEquationSolverTest" name="testSolveA_TresProcheDeZeroPositif_B_Zero_C_ProcheDeZeroPositif_ on testSolveA_TresProcheDeZeroPositif_B_Zero_C_ProcheDeZeroPositif_(dev.djob.id.QuadraticEquationSolverTest)" time="0.089"/>
  <testcase classname="dev.djob.id.QuadraticEquationSolverTest" name="testSolveA_TresGrandPositif_B_TresGrandNegatif_C_ProcheDeZeroNegatif_ on testSolveA_TresGrandPositif_B_TresGrandNegatif_C_ProcheDeZeroNegatif_(dev.djob.id.QuadraticEquationSolverTest)" time="0.091"/>
  <testcase classname="dev.djob.id.QuadraticEquationSolverTest" name="testSolveA_TresProcheDeZeroNegatif_B_TresGrandPositif_C_Zero_ on testSolveA_TresProcheDeZeroNegatif_B_TresGrandPositif_C_Zero_(dev.djob.id.QuadraticEquationSolverTest)" time="0.092"/>
  <testcase classname="dev.djob.id.QuadraticEquationSolverTest" name="testSolveA_ProcheDeZeroPositif_B_PositifNormal_C_TresGrandPositif_ on testSolveA_ProcheDeZeroPositif_B_PositifNormal_C_TresGrandPositif_(dev.djob.id.QuadraticEquationSolverTest)" time="0.094"/>
  <testcase classname="dev.djob.id.QuadraticEquationSolverTest" name="testSolveA_Zero_B_ProcheDeZeroNegatif_C_ProcheDeZeroPositif_ on testSolveA_Zero_B_ProcheDeZeroNegatif_C_ProcheDeZeroPositif_(dev.djob.id.QuadraticEquationSolverTest)" time="0.096"/>
  <testcase classname="dev.djob.id.QuadraticEquationSolverTest" name="testSolveA_TresProcheDeZeroPositif_B_PositifNormal_C_PositifNormal_ on testSolveA_TresProcheDeZeroPositif_B_PositifNormal_C_PositifNormal_(dev.djob.id.QuadraticEquationSolverTest)" time="0.097"/>
  <testcase classname="dev.djob.id.QuadraticEquationSolverTest" name="testSolveA_PositifNormal_B_ProcheDeZeroPositif_C_Zero_ on testSolveA_PositifNormal_B_ProcheDeZeroPositif_C_Zero_(dev.djob.id.QuadraticEquationSolverTest)" time="0.098"/>
  <testcase classname="dev.djob.id.QuadraticEquationSolverTest" name="testSolveA_NegatifNormal_B_TresGrandNegatif_C_Zero_ on testSolveA_NegatifNormal_B_TresGrandNegatif_C_Zero_(dev.djob.id.QuadraticEquationSolverTest)" time="0.099"/>
  <testcase classname="dev.djob.id.QuadraticEquationSolverTest" name="testSolveA_PositifNormal_B_TresGrandPositif_C_TresGrandNegatif_ on testSolveA_PositifNormal_B_TresGrandPositif_C_TresGrandNegatif_(dev.djob.id.QuadraticEquationSolverTest)" time="0.099"/>
  <testcase classname="dev.djob.id.QuadraticEquationSolverTest" name="testSolveA_TresProcheDeZeroNegatif_B_ProcheDeZeroNegatif_C_TresGrandNegatif_ on testSolveA_TresProcheDeZeroNegatif_B_ProcheDeZeroNegatif_C_TresGrandNegatif_(dev.djob.id.QuadraticEquationSolverTest)" time="0.1"/>
  <testcase classname="dev.djob.id.QuadraticEquationSolverTest" name="testSolveA_NegatifNormal_B_PositifNormal_C_ProcheDeZeroNegatif_ on testSolveA_NegatifNormal_B_PositifNormal_C_ProcheDeZeroNegatif_(dev.djob.id.QuadraticEquationSolverTest)" time="0.101"/>
  <testcase classname="dev.djob.id.QuadraticEquationSolverTest" name="testSolveA_TresGrandNegatif_B_TresProcheDeZeroNegatif_C_ProcheDeZeroNegatif_ on testSolveA_TresGrandNegatif_B_TresProcheDeZeroNegatif_C_ProcheDeZeroNegatif_(dev.djob.id.QuadraticEquationSolverTest)" time="0.102"/>
  <testcase classname="dev.djob.id.QuadraticEquationSolverTest" name="testSolveA_ProcheDeZeroNegatif_B_TresGrandPositif_C_ProcheDeZeroPositif_ on testSolveA_ProcheDeZeroNegatif_B_TresGrandPositif_C_ProcheDeZeroPositif_(dev.djob.id.QuadraticEquationSolverTest)" time="0.102"/>
  <testcase classname="dev.djob.id.QuadraticEquationSolverTest" name="testSolveA_TresProcheDeZeroNegatif_B_NegatifNormal_C_ProcheDeZeroPositif_ on testSolveA_TresProcheDeZeroNegatif_B_NegatifNormal_C_ProcheDeZeroPositif_(dev.djob.id.QuadraticEquationSolverTest)" time="0.103"/>
</testsuite> <!-- Surefire test -->
